2024-04-02 01:47:32.562 [info] Log level: Info
2024-04-02 01:47:32.562 [info] Validating found git in: "git"
2024-04-02 01:47:32.562 [info] Using git "2.44.0" from "git"
2024-04-02 01:47:32.562 [info] > git rev-parse --show-toplevel [32ms]
2024-04-02 01:47:32.562 [info] > git rev-parse --git-dir --git-common-dir [439ms]
2024-04-02 01:47:32.562 [info] Open repository: /home/simon/programmation/prim_s2
2024-04-02 01:47:32.598 [info] > git rev-parse --show-toplevel [12ms]
2024-04-02 01:47:32.600 [info] > git config --get commit.template [23ms]
2024-04-02 01:47:32.647 [info] > git for-each-ref --format=%(refname)%00%(upstream:short)%00%(objectname)%00%(upstream:track)%00%(upstream:remotename)%00%(upstream:remoteref) refs/heads/lot_e_test refs/remotes/lot_e_test [17ms]
2024-04-02 01:47:32.648 [info] > git rev-parse --show-toplevel [31ms]
2024-04-02 01:47:32.749 [info] > git rev-parse --show-toplevel [55ms]
2024-04-02 01:47:32.775 [info] > git rev-parse --show-toplevel [15ms]
2024-04-02 01:47:32.848 [info] > git status -z -uall [74ms]
2024-04-02 01:47:32.848 [info] > git rev-parse --show-toplevel [56ms]
2024-04-02 01:47:32.898 [info] > git config --get commit.template [6ms]
2024-04-02 01:47:32.898 [info] > git rev-parse --show-toplevel [19ms]
2024-04-02 01:47:32.944 [info] > git for-each-ref --format=%(refname)%00%(upstream:short)%00%(objectname)%00%(upstream:track)%00%(upstream:remotename)%00%(upstream:remoteref) refs/heads/lot_e_test refs/remotes/lot_e_test [15ms]
2024-04-02 01:47:32.946 [info] > git rev-parse --show-toplevel [30ms]
2024-04-02 01:47:32.974 [info] > git rev-parse --show-toplevel [1ms]
2024-04-02 01:47:33.003 [info] > git status -z -uall [9ms]
2024-04-02 01:47:33.180 [info] > git check-ignore -v -z --stdin [53ms]
2024-04-02 01:47:34.224 [info] > git show --textconv :src/main.c [19ms]
2024-04-02 01:47:34.225 [info] > git ls-files --stage -- /home/simon/programmation/prim_s2/src/main.c [5ms]
2024-04-02 01:47:34.243 [info] > git cat-file -s 690b2172f11fb4c9e3964d0c2260ac6b6305c34b [7ms]
2024-04-02 01:48:10.253 [info] > git check-ignore -v -z --stdin [3ms]
2024-04-02 01:48:12.158 [info] > git check-ignore -v -z --stdin [1ms]
2024-04-02 01:48:12.831 [info] > git show --textconv :Makefile [14ms]
2024-04-02 01:48:12.834 [info] > git ls-files --stage -- /home/simon/programmation/prim_s2/Makefile [4ms]
2024-04-02 01:48:12.846 [info] > git cat-file -s 7734bffd6d19f8e3ce49dd602137ea1bbceed8b1 [2ms]
2024-04-02 01:52:05.909 [info] > git config --get commit.template [11ms]
2024-04-02 01:52:05.909 [info] > git for-each-ref --format=%(refname)%00%(upstream:short)%00%(objectname)%00%(upstream:track)%00%(upstream:remotename)%00%(upstream:remoteref) refs/heads/lot_e_test refs/remotes/lot_e_test [2ms]
2024-04-02 01:52:05.930 [info] > git status -z -uall [8ms]
2024-04-02 01:52:10.956 [info] > git config --get commit.template [8ms]
2024-04-02 01:52:10.957 [info] > git for-each-ref --format=%(refname)%00%(upstream:short)%00%(objectname)%00%(upstream:track)%00%(upstream:remotename)%00%(upstream:remoteref) refs/heads/lot_e_test refs/remotes/lot_e_test [1ms]
2024-04-02 01:52:10.969 [info] > git status -z -uall [5ms]
2024-04-02 01:52:11.829 [info] > git show --textconv :test/game_test.c [12ms]
2024-04-02 01:52:11.832 [info] > git ls-files --stage -- /home/simon/programmation/prim_s2/test/game_test.c [4ms]
2024-04-02 01:52:11.846 [info] > git cat-file -s dbc7b144f51747822fa7520b5a34b8a2632e5f66 [1ms]
2024-04-02 01:53:27.883 [info] > git show --textconv :src/tetromino.c [24ms]
2024-04-02 01:53:27.886 [info] > git ls-files --stage -- /home/simon/programmation/prim_s2/src/tetromino.c [4ms]
2024-04-02 01:53:27.903 [info] > git cat-file -s b94bec0cc6b5b7733dc0e57508a4136ae6599bbc [4ms]
2024-04-02 01:53:48.833 [info] > git show --textconv :test/game_test.c [25ms]
2024-04-02 01:53:48.835 [info] > git ls-files --stage -- /home/simon/programmation/prim_s2/test/game_test.c [3ms]
2024-04-02 01:53:48.849 [info] > git cat-file -s dbc7b144f51747822fa7520b5a34b8a2632e5f66 [3ms]
2024-04-02 01:53:53.818 [info] > git check-ignore -v -z --stdin [1ms]
2024-04-02 01:53:55.683 [info] > git show --textconv :include/tetromino.h [22ms]
2024-04-02 01:53:55.687 [info] > git ls-files --stage -- /home/simon/programmation/prim_s2/include/tetromino.h [5ms]
2024-04-02 01:53:55.710 [info] > git cat-file -s 62294386232cc8a691870cb43065cdefe857fa7b [7ms]
2024-04-02 01:54:26.253 [info] > git show --textconv :test/game_test.c [20ms]
2024-04-02 01:54:26.255 [info] > git ls-files --stage -- /home/simon/programmation/prim_s2/test/game_test.c [2ms]
2024-04-02 01:54:26.269 [info] > git cat-file -s dbc7b144f51747822fa7520b5a34b8a2632e5f66 [3ms]
2024-04-02 01:58:06.154 [info] > git config --get commit.template [12ms]
2024-04-02 01:58:06.156 [info] > git for-each-ref --format=%(refname)%00%(upstream:short)%00%(objectname)%00%(upstream:track)%00%(upstream:remotename)%00%(upstream:remoteref) refs/heads/lot_e_test refs/remotes/lot_e_test [2ms]
2024-04-02 01:58:06.172 [info] > git status -z -uall [5ms]
2024-04-02 02:01:11.791 [info] > git config --get commit.template [12ms]
2024-04-02 02:01:11.792 [info] > git for-each-ref --format=%(refname)%00%(upstream:short)%00%(objectname)%00%(upstream:track)%00%(upstream:remotename)%00%(upstream:remoteref) refs/heads/lot_e_test refs/remotes/lot_e_test [2ms]
2024-04-02 02:01:11.808 [info] > git status -z -uall [7ms]
2024-04-02 02:01:38.852 [info] > git config --get commit.template [8ms]
2024-04-02 02:01:38.853 [info] > git for-each-ref --format=%(refname)%00%(upstream:short)%00%(objectname)%00%(upstream:track)%00%(upstream:remotename)%00%(upstream:remoteref) refs/heads/lot_e_test refs/remotes/lot_e_test [1ms]
2024-04-02 02:01:38.866 [info] > git status -z -uall [6ms]
2024-04-02 02:03:30.085 [info] > git show --textconv :Makefile [12ms]
2024-04-02 02:03:30.086 [info] > git ls-files --stage -- /home/simon/programmation/prim_s2/Makefile [2ms]
2024-04-02 02:03:30.099 [info] > git cat-file -s 7734bffd6d19f8e3ce49dd602137ea1bbceed8b1 [3ms]
2024-04-02 02:04:08.398 [info] > git config --get commit.template [9ms]
2024-04-02 02:04:08.399 [info] > git for-each-ref --format=%(refname)%00%(upstream:short)%00%(objectname)%00%(upstream:track)%00%(upstream:remotename)%00%(upstream:remoteref) refs/heads/lot_e_test refs/remotes/lot_e_test [2ms]
2024-04-02 02:04:08.414 [info] > git status -z -uall [5ms]
2024-04-02 02:04:15.395 [info] > git config --get commit.template [13ms]
2024-04-02 02:04:15.396 [info] > git for-each-ref --format=%(refname)%00%(upstream:short)%00%(objectname)%00%(upstream:track)%00%(upstream:remotename)%00%(upstream:remoteref) refs/heads/lot_e_test refs/remotes/lot_e_test [2ms]
2024-04-02 02:04:15.416 [info] > git status -z -uall [7ms]
2024-04-02 02:04:49.555 [info] > git config --get commit.template [11ms]
2024-04-02 02:04:49.556 [info] > git for-each-ref --format=%(refname)%00%(upstream:short)%00%(objectname)%00%(upstream:track)%00%(upstream:remotename)%00%(upstream:remoteref) refs/heads/lot_e_test refs/remotes/lot_e_test [2ms]
2024-04-02 02:04:49.572 [info] > git status -z -uall [6ms]
2024-04-02 02:04:58.144 [info] > git show --textconv :test/game_test.c [12ms]
2024-04-02 02:04:58.147 [info] > git ls-files --stage -- /home/simon/programmation/prim_s2/test/game_test.c [3ms]
2024-04-02 02:04:58.156 [info] > git cat-file -s dbc7b144f51747822fa7520b5a34b8a2632e5f66 [2ms]
2024-04-02 14:07:38.062 [info] > git config --get commit.template [15ms]
2024-04-02 14:07:38.064 [info] > git for-each-ref --format=%(refname)%00%(upstream:short)%00%(objectname)%00%(upstream:track)%00%(upstream:remotename)%00%(upstream:remoteref) refs/heads/lot_e_test refs/remotes/lot_e_test [3ms]
2024-04-02 14:07:38.078 [info] > git status -z -uall [3ms]
2024-04-02 14:07:38.097 [info] > git ls-files --stage -- /home/simon/programmation/prim_s2/test/game_test.c [2ms]
2024-04-02 14:07:38.110 [info] > git cat-file -s ba4ef5490ebea417e5bcec2ce83eeddca2deae0c [3ms]
2024-04-02 14:07:38.138 [info] > git show --textconv :test/game_test.c [2ms]
2024-04-02 14:10:34.494 [info] > git config --get commit.template [3ms]
2024-04-02 14:10:34.509 [info] > git for-each-ref --format=%(refname)%00%(upstream:short)%00%(objectname)%00%(upstream:track)%00%(upstream:remotename)%00%(upstream:remoteref) refs/heads/lot_e_test refs/remotes/lot_e_test [3ms]
2024-04-02 14:10:34.526 [info] > git status -z -uall [5ms]
