2024-04-05 22:14:44.797 [info] Log level: Info
2024-04-05 22:14:44.797 [info] Validating found git in: "git"
2024-04-05 22:14:44.797 [info] Using git "2.44.0" from "git"
2024-04-05 22:14:44.797 [info] > git rev-parse --show-toplevel [21ms]
2024-04-05 22:14:44.797 [info] > git rev-parse --git-dir --git-common-dir [23ms]
2024-04-05 22:14:44.797 [info] Open repository: /home/simon/programmation/Big-Ouden
2024-04-05 22:14:44.814 [info] > git config --get commit.template [5ms]
2024-04-05 22:14:44.940 [info] > git for-each-ref --format=%(refname)%00%(upstream:short)%00%(objectname)%00%(upstream:track)%00%(upstream:remotename)%00%(upstream:remoteref) refs/heads/main refs/remotes/main [3ms]
2024-04-05 22:14:44.948 [warning] ENOENT: no such file or directory, open '/home/simon/programmation/Big-Ouden/.git/refs/remotes/origin/main'
2024-04-05 22:14:44.952 [info] > git rev-parse refs/remotes/origin/main [4ms]
2024-04-05 22:14:44.960 [info] > git status -z -uall [2ms]
2024-04-05 22:14:44.997 [info] > git config --get commit.template [8ms]
2024-04-05 22:14:45.010 [info] > git for-each-ref --format=%(refname)%00%(upstream:short)%00%(objectname)%00%(upstream:track)%00%(upstream:remotename)%00%(upstream:remoteref) refs/heads/main refs/remotes/main [3ms]
2024-04-05 22:14:45.017 [warning] ENOENT: no such file or directory, open '/home/simon/programmation/Big-Ouden/.git/refs/remotes/origin/main'
2024-04-05 22:14:45.020 [info] > git rev-parse refs/remotes/origin/main [3ms]
2024-04-05 22:14:45.031 [info] > git status -z -uall [3ms]
2024-04-05 22:14:45.436 [info] > git check-ignore -v -z --stdin [3ms]
2024-04-05 22:14:48.420 [info] > git show --textconv :README.md [24ms]
2024-04-05 22:14:48.422 [info] > git ls-files --stage -- /home/simon/programmation/Big-Ouden/README.md [10ms]
2024-04-05 22:14:48.445 [info] > git cat-file -s f536fc0266722103fcdb4452cec24d1bf2edebc7 [11ms]
2024-04-05 22:23:45.303 [info] > git check-ignore -v -z --stdin [1ms]
2024-04-05 22:23:53.140 [info] > git config --get commit.template [4ms]
2024-04-05 22:23:53.158 [info] > git for-each-ref --format=%(refname)%00%(upstream:short)%00%(objectname)%00%(upstream:track)%00%(upstream:remotename)%00%(upstream:remoteref) refs/heads/main refs/remotes/main [2ms]
2024-04-05 22:23:53.172 [warning] ENOENT: no such file or directory, open '/home/simon/programmation/Big-Ouden/.git/refs/remotes/origin/main'
2024-04-05 22:23:53.174 [info] > git rev-parse refs/remotes/origin/main [1ms]
2024-04-05 22:23:53.189 [info] > git status -z -uall [4ms]
2024-04-05 22:23:58.231 [info] > git config --get commit.template [10ms]
2024-04-05 22:23:58.232 [info] > git for-each-ref --format=%(refname)%00%(upstream:short)%00%(objectname)%00%(upstream:track)%00%(upstream:remotename)%00%(upstream:remoteref) refs/heads/main refs/remotes/main [3ms]
2024-04-05 22:23:58.239 [warning] ENOENT: no such file or directory, open '/home/simon/programmation/Big-Ouden/.git/refs/remotes/origin/main'
2024-04-05 22:23:58.241 [info] > git rev-parse refs/remotes/origin/main [2ms]
2024-04-05 22:23:58.252 [info] > git status -z -uall [2ms]
2024-04-05 22:24:10.315 [info] > git config --get commit.template [10ms]
2024-04-05 22:24:10.316 [info] > git for-each-ref --format=%(refname)%00%(upstream:short)%00%(objectname)%00%(upstream:track)%00%(upstream:remotename)%00%(upstream:remoteref) refs/heads/main refs/remotes/main [2ms]
2024-04-05 22:24:10.322 [warning] ENOENT: no such file or directory, open '/home/simon/programmation/Big-Ouden/.git/refs/remotes/origin/main'
2024-04-05 22:24:10.324 [info] > git rev-parse refs/remotes/origin/main [1ms]
2024-04-05 22:24:10.334 [info] > git status -z -uall [2ms]
2024-04-05 22:24:20.251 [info] > git show --textconv :README.md [11ms]
2024-04-05 22:24:20.253 [info] > git ls-files --stage -- /home/simon/programmation/Big-Ouden/README.md [3ms]
2024-04-05 22:24:20.265 [info] > git cat-file -s f536fc0266722103fcdb4452cec24d1bf2edebc7 [5ms]
2024-04-05 22:24:26.538 [info] > git show --textconv :README.md [14ms]
2024-04-05 22:24:26.539 [info] > git ls-files --stage -- /home/simon/programmation/Big-Ouden/README.md [2ms]
2024-04-05 22:24:26.553 [info] > git cat-file -s f536fc0266722103fcdb4452cec24d1bf2edebc7 [2ms]
2024-04-05 22:24:27.443 [info] > git show --textconv :README.md [19ms]
2024-04-05 22:24:27.450 [info] > git ls-files --stage -- /home/simon/programmation/Big-Ouden/README.md [8ms]
2024-04-05 22:24:27.472 [info] > git cat-file -s f536fc0266722103fcdb4452cec24d1bf2edebc7 [3ms]
2024-04-05 22:25:12.493 [info] > git config --get commit.template [22ms]
2024-04-05 22:25:12.494 [info] > git for-each-ref --format=%(refname)%00%(upstream:short)%00%(objectname)%00%(upstream:track)%00%(upstream:remotename)%00%(upstream:remoteref) refs/heads/main refs/remotes/main [2ms]
2024-04-05 22:25:12.506 [warning] ENOENT: no such file or directory, open '/home/simon/programmation/Big-Ouden/.git/refs/remotes/origin/main'
2024-04-05 22:25:12.512 [info] > git rev-parse refs/remotes/origin/main [5ms]
2024-04-05 22:25:12.523 [info] > git status -z -uall [2ms]
2024-04-05 22:26:27.066 [info] > git config --get commit.template [5ms]
2024-04-05 22:26:27.082 [info] > git for-each-ref --format=%(refname)%00%(upstream:short)%00%(objectname)%00%(upstream:track)%00%(upstream:remotename)%00%(upstream:remoteref) refs/heads/main refs/remotes/main [2ms]
2024-04-05 22:26:27.095 [warning] ENOENT: no such file or directory, open '/home/simon/programmation/Big-Ouden/.git/refs/remotes/origin/main'
2024-04-05 22:26:27.097 [info] > git rev-parse refs/remotes/origin/main [2ms]
2024-04-05 22:26:27.108 [info] > git status -z -uall [3ms]
2024-04-05 22:26:55.755 [info] > git config --get commit.template [11ms]
2024-04-05 22:26:55.756 [info] > git for-each-ref --format=%(refname)%00%(upstream:short)%00%(objectname)%00%(upstream:track)%00%(upstream:remotename)%00%(upstream:remoteref) refs/heads/main refs/remotes/main [3ms]
2024-04-05 22:26:55.763 [warning] ENOENT: no such file or directory, open '/home/simon/programmation/Big-Ouden/.git/refs/remotes/origin/main'
2024-04-05 22:26:55.764 [info] > git rev-parse refs/remotes/origin/main [1ms]
2024-04-05 22:26:55.775 [info] > git status -z -uall [2ms]
2024-04-05 22:27:26.248 [info] > git config --get commit.template [2ms]
2024-04-05 22:27:26.263 [info] > git for-each-ref --format=%(refname)%00%(upstream:short)%00%(objectname)%00%(upstream:track)%00%(upstream:remotename)%00%(upstream:remoteref) refs/heads/main refs/remotes/main [2ms]
2024-04-05 22:27:26.275 [warning] ENOENT: no such file or directory, open '/home/simon/programmation/Big-Ouden/.git/refs/remotes/origin/main'
2024-04-05 22:27:26.276 [info] > git rev-parse refs/remotes/origin/main [1ms]
2024-04-05 22:27:26.286 [info] > git status -z -uall [3ms]
2024-04-05 22:27:51.040 [info] > git config --get commit.template [10ms]
2024-04-05 22:27:51.040 [info] > git for-each-ref --format=%(refname)%00%(upstream:short)%00%(objectname)%00%(upstream:track)%00%(upstream:remotename)%00%(upstream:remoteref) refs/heads/main refs/remotes/main [1ms]
2024-04-05 22:27:51.047 [warning] ENOENT: no such file or directory, open '/home/simon/programmation/Big-Ouden/.git/refs/remotes/origin/main'
2024-04-05 22:27:51.049 [info] > git rev-parse refs/remotes/origin/main [3ms]
2024-04-05 22:27:51.059 [info] > git status -z -uall [2ms]
2024-04-05 22:29:42.041 [info] > git config --get commit.template [3ms]
2024-04-05 22:29:42.065 [info] > git for-each-ref --format=%(refname)%00%(upstream:short)%00%(objectname)%00%(upstream:track)%00%(upstream:remotename)%00%(upstream:remoteref) refs/heads/main refs/remotes/main [3ms]
2024-04-05 22:29:42.074 [warning] ENOENT: no such file or directory, open '/home/simon/programmation/Big-Ouden/.git/refs/remotes/origin/main'
2024-04-05 22:29:42.076 [info] > git rev-parse refs/remotes/origin/main [2ms]
2024-04-05 22:29:42.088 [info] > git status -z -uall [2ms]
2024-04-05 22:29:47.120 [info] > git config --get commit.template [10ms]
2024-04-05 22:29:47.121 [info] > git for-each-ref --format=%(refname)%00%(upstream:short)%00%(objectname)%00%(upstream:track)%00%(upstream:remotename)%00%(upstream:remoteref) refs/heads/main refs/remotes/main [2ms]
2024-04-05 22:29:47.132 [warning] ENOENT: no such file or directory, open '/home/simon/programmation/Big-Ouden/.git/refs/remotes/origin/main'
2024-04-05 22:29:47.150 [info] > git rev-parse refs/remotes/origin/main [18ms]
2024-04-05 22:29:47.180 [info] > git status -z -uall [23ms]
2024-04-05 22:38:42.892 [info] > git config --get commit.template [8ms]
2024-04-05 22:38:42.893 [info] > git for-each-ref --format=%(refname)%00%(upstream:short)%00%(objectname)%00%(upstream:track)%00%(upstream:remotename)%00%(upstream:remoteref) refs/heads/main refs/remotes/main [2ms]
2024-04-05 22:38:42.901 [warning] ENOENT: no such file or directory, open '/home/simon/programmation/Big-Ouden/.git/refs/remotes/origin/main'
2024-04-05 22:38:42.902 [info] > git rev-parse refs/remotes/origin/main [1ms]
2024-04-05 22:38:42.913 [info] > git status -z -uall [5ms]
2024-04-05 22:44:28.035 [info] > git config --get commit.template [15ms]
2024-04-05 22:44:28.036 [info] > git for-each-ref --format=%(refname)%00%(upstream:short)%00%(objectname)%00%(upstream:track)%00%(upstream:remotename)%00%(upstream:remoteref) refs/heads/main refs/remotes/main [2ms]
2024-04-05 22:44:28.048 [warning] ENOENT: no such file or directory, open '/home/simon/programmation/Big-Ouden/.git/refs/remotes/origin/main'
2024-04-05 22:44:28.049 [info] > git rev-parse refs/remotes/origin/main [2ms]
2024-04-05 22:44:28.061 [info] > git status -z -uall [4ms]
2024-04-05 22:47:11.706 [info] > git config --get commit.template [8ms]
2024-04-05 22:47:11.707 [info] > git for-each-ref --format=%(refname)%00%(upstream:short)%00%(objectname)%00%(upstream:track)%00%(upstream:remotename)%00%(upstream:remoteref) refs/heads/main refs/remotes/main [1ms]
2024-04-05 22:47:11.717 [warning] ENOENT: no such file or directory, open '/home/simon/programmation/Big-Ouden/.git/refs/remotes/origin/main'
2024-04-05 22:47:11.719 [info] > git rev-parse refs/remotes/origin/main [1ms]
2024-04-05 22:47:11.727 [info] > git status -z -uall [2ms]
2024-04-05 22:50:33.576 [info] > git config --get commit.template [4ms]
2024-04-05 22:50:33.591 [info] > git for-each-ref --format=%(refname)%00%(upstream:short)%00%(objectname)%00%(upstream:track)%00%(upstream:remotename)%00%(upstream:remoteref) refs/heads/main refs/remotes/main [3ms]
2024-04-05 22:50:33.602 [warning] ENOENT: no such file or directory, open '/home/simon/programmation/Big-Ouden/.git/refs/remotes/origin/main'
2024-04-05 22:50:33.605 [info] > git rev-parse refs/remotes/origin/main [3ms]
2024-04-05 22:50:33.615 [info] > git status -z -uall [1ms]
2024-04-05 22:51:12.324 [info] > git config --get commit.template [10ms]
2024-04-05 22:51:12.325 [info] > git for-each-ref --format=%(refname)%00%(upstream:short)%00%(objectname)%00%(upstream:track)%00%(upstream:remotename)%00%(upstream:remoteref) refs/heads/main refs/remotes/main [2ms]
2024-04-05 22:51:12.334 [warning] ENOENT: no such file or directory, open '/home/simon/programmation/Big-Ouden/.git/refs/remotes/origin/main'
2024-04-05 22:51:12.336 [info] > git rev-parse refs/remotes/origin/main [1ms]
2024-04-05 22:51:12.344 [info] > git status -z -uall [1ms]
2024-04-05 22:53:03.473 [info] > git config --get commit.template [2ms]
2024-04-05 22:53:03.532 [info] > git ls-files --stage -- /home/simon/programmation/Big-Ouden/README.md [32ms]
2024-04-05 22:53:03.560 [info] > git cat-file -s 79568701e473a5f24d8ab1a58fb3dc0aa8cb1ad5 [3ms]
2024-04-05 22:53:03.563 [info] > git for-each-ref --format=%(refname)%00%(upstream:short)%00%(objectname)%00%(upstream:track)%00%(upstream:remotename)%00%(upstream:remoteref) refs/heads/main refs/remotes/main [36ms]
2024-04-05 22:53:03.616 [info] > git status -z -uall [32ms]
2024-04-05 22:53:03.636 [info] > git show --textconv :README.md [28ms]
2024-04-05 22:53:08.662 [info] > git config --get commit.template [12ms]
2024-04-05 22:53:08.663 [info] > git for-each-ref --format=%(refname)%00%(upstream:short)%00%(objectname)%00%(upstream:track)%00%(upstream:remotename)%00%(upstream:remoteref) refs/heads/main refs/remotes/main [3ms]
2024-04-05 22:53:08.672 [info] > git status -z -uall [2ms]
2024-04-05 22:54:49.338 [info] > git config --get commit.template [11ms]
2024-04-05 22:54:49.340 [info] > git for-each-ref --format=%(refname)%00%(upstream:short)%00%(objectname)%00%(upstream:track)%00%(upstream:remotename)%00%(upstream:remoteref) refs/heads/main refs/remotes/main [4ms]
2024-04-05 22:54:49.349 [info] > git status -z -uall [2ms]
2024-04-05 22:58:29.914 [info] > git config --get commit.template [12ms]
2024-04-05 22:58:29.915 [info] > git for-each-ref --format=%(refname)%00%(upstream:short)%00%(objectname)%00%(upstream:track)%00%(upstream:remotename)%00%(upstream:remoteref) refs/heads/main refs/remotes/main [3ms]
2024-04-05 22:58:29.925 [info] > git status -z -uall [3ms]
2024-04-05 22:58:29.945 [info] > git ls-files --stage -- /home/simon/programmation/Big-Ouden/README.md [3ms]
2024-04-05 22:58:29.960 [info] > git cat-file -s c64151a776a3cb553664dcaa0684a9b5f287ca99 [8ms]
2024-04-05 22:58:29.973 [info] > git show --textconv :README.md [3ms]
2024-04-05 22:58:54.107 [info] > git config --get commit.template [10ms]
2024-04-05 22:58:54.108 [info] > git for-each-ref --format=%(refname)%00%(upstream:short)%00%(objectname)%00%(upstream:track)%00%(upstream:remotename)%00%(upstream:remoteref) refs/heads/main refs/remotes/main [3ms]
2024-04-05 22:58:54.117 [info] > git status -z -uall [2ms]
