2024-04-09 19:48:41.918 [info] Reading sessions from keychain...
2024-04-09 19:48:41.918 [info] Getting sessions for all scopes...
2024-04-09 19:48:41.918 [info] Got 0 sessions for ...
2024-04-09 19:48:41.918 [info] Getting sessions for all scopes...
2024-04-09 19:48:41.918 [info] Got 0 sessions for ...
2024-04-09 19:48:41.918 [info] Getting sessions for read:user,repo,user:email,workflow...
2024-04-09 19:48:41.918 [info] Got 0 sessions for read:user,repo,user:email,workflow...
2024-04-09 19:48:42.021 [info] Getting sessions for read:user,repo,user:email,workflow...
2024-04-09 19:48:42.021 [info] Got 0 sessions for read:user,repo,user:email,workflow...
2024-04-09 19:48:42.021 [info] Getting sessions for read:user...
2024-04-09 19:48:42.021 [info] Got 0 sessions for read:user...
2024-04-09 19:48:42.053 [info] Getting sessions for user:email...
2024-04-09 19:48:42.053 [info] Got 0 sessions for user:email...
2024-04-09 19:48:42.056 [info] Getting sessions for user:email...
2024-04-09 19:48:42.056 [info] Got 0 sessions for user:email...
2024-04-09 19:48:42.124 [info] Getting sessions for read:user...
2024-04-09 19:48:42.124 [info] Got 0 sessions for read:user...
2024-04-09 19:48:42.277 [info] Getting sessions for read:user,repo,user:email,workflow...
2024-04-09 19:48:42.277 [info] Got 0 sessions for read:user,repo,user:email,workflow...
2024-04-09 19:48:42.286 [info] Getting sessions for user:email...
2024-04-09 19:48:42.286 [info] Got 0 sessions for user:email...
2024-04-09 19:48:42.297 [info] Getting sessions for read:user...
2024-04-09 19:48:42.297 [info] Got 0 sessions for read:user...
