2024-04-05 22:14:44.951 [info] Reading sessions from keychain...
2024-04-05 22:14:44.951 [info] Getting sessions for all scopes...
2024-04-05 22:14:44.951 [info] Got 0 sessions for ...
2024-04-05 22:14:44.951 [info] Getting sessions for all scopes...
2024-04-05 22:14:44.951 [info] Got 0 sessions for ...
2024-04-05 22:14:44.951 [info] Getting sessions for read:user,repo,user:email,workflow...
2024-04-05 22:14:44.951 [info] Got 0 sessions for read:user,repo,user:email,workflow...
2024-04-05 22:14:44.959 [info] Getting sessions for read:user...
2024-04-05 22:14:44.959 [info] Got 0 sessions for read:user...
2024-04-05 22:14:44.995 [info] Getting sessions for user:email...
2024-04-05 22:14:44.995 [info] Got 0 sessions for user:email...
2024-04-05 22:14:45.007 [info] Getting sessions for read:user,repo,user:email,workflow...
2024-04-05 22:14:45.007 [info] Got 0 sessions for read:user,repo,user:email,workflow...
2024-04-05 22:14:45.364 [info] Getting sessions for read:user,repo,user:email,workflow...
2024-04-05 22:14:45.364 [info] Got 0 sessions for read:user,repo,user:email,workflow...
2024-04-05 22:14:45.385 [info] Getting sessions for user:email...
2024-04-05 22:14:45.385 [info] Got 0 sessions for user:email...
2024-04-05 22:14:45.388 [info] Getting sessions for read:user...
2024-04-05 22:14:45.389 [info] Got 0 sessions for read:user...
2024-04-05 22:14:45.402 [info] Getting sessions for read:user,repo,user:email,workflow...
2024-04-05 22:14:45.402 [info] Got 0 sessions for read:user,repo,user:email,workflow...
2024-04-05 22:14:45.407 [info] Getting sessions for user:email...
2024-04-05 22:14:45.407 [info] Got 0 sessions for user:email...
2024-04-05 22:14:45.413 [info] Getting sessions for read:user...
2024-04-05 22:14:45.413 [info] Got 0 sessions for read:user...
