2024-04-02 01:47:32.905 [info] Reading sessions from keychain...
2024-04-02 01:47:32.905 [info] Getting sessions for all scopes...
2024-04-02 01:47:32.905 [info] Got 0 sessions for ...
2024-04-02 01:47:32.905 [info] Getting sessions for read:user,repo,user:email,workflow...
2024-04-02 01:47:32.905 [info] Got 0 sessions for read:user,repo,user:email,workflow...
2024-04-02 01:47:32.952 [info] Getting sessions for read:user...
2024-04-02 01:47:32.952 [info] Got 0 sessions for read:user...
2024-04-02 01:47:33.412 [info] Getting sessions for read:user,repo,user:email,workflow...
2024-04-02 01:47:33.412 [info] Got 0 sessions for read:user,repo,user:email,workflow...
2024-04-02 01:47:34.011 [info] Getting sessions for user:email...
2024-04-02 01:47:34.011 [info] Got 0 sessions for user:email...
2024-04-02 01:47:34.431 [info] Getting sessions for user:email...
2024-04-02 01:47:34.431 [info] Got 0 sessions for user:email...
2024-04-02 01:47:34.449 [info] Getting sessions for all scopes...
2024-04-02 01:47:34.449 [info] Got 0 sessions for ...
2024-04-02 01:47:34.456 [info] Getting sessions for read:user...
2024-04-02 01:47:34.456 [info] Got 0 sessions for read:user...
2024-04-02 01:47:34.482 [info] Getting sessions for read:user,repo,user:email,workflow...
2024-04-02 01:47:34.482 [info] Got 0 sessions for read:user,repo,user:email,workflow...
2024-04-02 01:47:34.488 [info] Getting sessions for user:email...
2024-04-02 01:47:34.488 [info] Got 0 sessions for user:email...
2024-04-02 01:47:34.493 [info] Getting sessions for read:user...
2024-04-02 01:47:34.493 [info] Got 0 sessions for read:user...
2024-04-02 01:47:36.119 [info] Getting sessions for read:user,repo,user:email,workflow...
2024-04-02 01:47:36.119 [info] Got 0 sessions for read:user,repo,user:email,workflow...
2024-04-02 01:47:36.129 [info] Getting sessions for read:user...
2024-04-02 01:47:36.129 [info] Got 0 sessions for read:user...
2024-04-02 01:47:36.132 [info] Getting sessions for user:email...
2024-04-02 01:47:36.132 [info] Got 0 sessions for user:email...
