2024-03-26 10:49:47.025 [info] Reading sessions from keychain...
2024-03-26 10:49:47.025 [info] Getting sessions for all scopes...
2024-03-26 10:49:47.025 [info] Getting sessions for all scopes...
2024-03-26 10:49:47.025 [info] Got 0 sessions for ...
2024-03-26 10:49:47.025 [info] Got 0 sessions for ...
2024-03-26 10:49:47.025 [info] Getting sessions for all scopes...
2024-03-26 10:49:47.025 [info] Got 0 sessions for ...
2024-03-26 10:49:47.025 [info] Getting sessions for read:user,repo,user:email,workflow...
2024-03-26 10:49:47.025 [info] Got 0 sessions for read:user,repo,user:email,workflow...
2024-03-26 11:13:12.416 [info] Getting sessions for read:user,repo,user:email,workflow...
2024-03-26 11:13:12.416 [info] Got 0 sessions for read:user,repo,user:email,workflow...
2024-03-26 11:13:12.432 [info] Getting sessions for read:user...
2024-03-26 11:13:12.432 [info] Got 0 sessions for read:user...
2024-03-26 11:13:12.435 [info] Getting sessions for user:email...
2024-03-26 11:13:12.435 [info] Got 0 sessions for user:email...
2024-03-26 11:13:13.318 [info] Getting sessions for read:user,repo,user:email,workflow...
2024-03-26 11:13:13.318 [info] Got 0 sessions for read:user,repo,user:email,workflow...
2024-03-26 11:13:13.338 [info] Getting sessions for user:email...
2024-03-26 11:13:13.338 [info] Got 0 sessions for user:email...
2024-03-26 11:13:13.343 [info] Getting sessions for read:user...
2024-03-26 11:13:13.343 [info] Got 0 sessions for read:user...
2024-03-26 11:13:13.366 [info] Getting sessions for read:user,repo,user:email,workflow...
2024-03-26 11:13:13.366 [info] Got 0 sessions for read:user,repo,user:email,workflow...
2024-03-26 11:13:13.370 [info] Getting sessions for user:email...
2024-03-26 11:13:13.370 [info] Got 0 sessions for user:email...
2024-03-26 11:13:13.379 [info] Getting sessions for read:user...
2024-03-26 11:13:13.379 [info] Got 0 sessions for read:user...
2024-03-26 11:13:13.742 [info] Getting sessions for read:user,repo,user:email,workflow...
2024-03-26 11:13:13.742 [info] Got 0 sessions for read:user,repo,user:email,workflow...
2024-03-26 11:13:13.745 [info] Getting sessions for read:user...
2024-03-26 11:13:13.745 [info] Got 0 sessions for read:user...
2024-03-26 11:13:13.747 [info] Getting sessions for user:email...
2024-03-26 11:13:13.747 [info] Got 0 sessions for user:email...
2024-03-26 11:13:13.751 [info] Getting sessions for read:user,repo,user:email,workflow...
2024-03-26 11:13:13.751 [info] Got 0 sessions for read:user,repo,user:email,workflow...
2024-03-26 11:13:13.752 [info] Getting sessions for read:user...
2024-03-26 11:13:13.752 [info] Got 0 sessions for read:user...
2024-03-26 11:13:13.754 [info] Getting sessions for user:email...
2024-03-26 11:13:13.754 [info] Got 0 sessions for user:email...
2024-03-26 11:13:16.301 [info] Logging in for the following scopes: user:email
2024-03-26 11:13:16.307 [info] Trying without local server... (user:email)
2024-03-26 11:13:34.756 [info] Exchanging code for token...
2024-03-26 11:13:35.231 [info] Token exchange success!
2024-03-26 11:13:35.234 [info] Getting user info...
2024-03-26 11:13:35.862 [info] Got account info!
2024-03-26 11:13:35.863 [info] Storing 1 sessions...
2024-03-26 11:13:40.674 [info] Reading sessions from keychain...
2024-03-26 11:13:40.674 [info] Stored 1 sessions!
2024-03-26 11:13:40.674 [info] Login success!
2024-03-26 11:13:40.675 [info] Got stored sessions!
2024-03-26 11:13:40.675 [info] Got 1 verified sessions.
2024-03-26 11:13:40.682 [info] Getting sessions for read:user,repo,user:email,workflow...
2024-03-26 11:13:40.682 [info] Got 0 sessions for read:user,repo,user:email,workflow...
2024-03-26 11:13:40.683 [info] Getting sessions for read:user,repo,user:email,workflow...
2024-03-26 11:13:40.683 [info] Got 0 sessions for read:user,repo,user:email,workflow...
2024-03-26 11:13:40.683 [info] Getting sessions for read:user,repo,user:email,workflow...
2024-03-26 11:13:40.683 [info] Got 0 sessions for read:user,repo,user:email,workflow...
2024-03-26 11:13:40.685 [info] Getting sessions for read:user...
2024-03-26 11:13:40.685 [info] Got 0 sessions for read:user...
2024-03-26 11:13:40.686 [info] Getting sessions for user:email...
2024-03-26 11:13:40.686 [info] Got 1 sessions for user:email...
2024-03-26 11:13:40.690 [info] Getting sessions for user:email...
2024-03-26 11:13:40.690 [info] Got 1 sessions for user:email...
2024-03-26 11:13:40.690 [info] Getting sessions for read:user,repo,user:email,workflow...
2024-03-26 11:13:40.690 [info] Got 0 sessions for read:user,repo,user:email,workflow...
2024-03-26 11:13:40.694 [info] Getting sessions for read:user,repo,user:email,workflow...
2024-03-26 11:13:40.694 [info] Got 0 sessions for read:user,repo,user:email,workflow...
2024-03-26 11:13:40.696 [info] Getting sessions for user:email...
2024-03-26 11:13:40.696 [info] Got 1 sessions for user:email...
2024-03-26 11:13:40.702 [info] Getting sessions for read:user...
2024-03-26 11:13:40.702 [info] Got 0 sessions for read:user...
2024-03-26 11:13:40.826 [info] Getting sessions for user:email...
2024-03-26 11:13:40.826 [info] Got 1 sessions for user:email...
2024-03-26 11:13:41.911 [info] Getting sessions for read:user,repo,user:email,workflow...
2024-03-26 11:13:41.911 [info] Got 0 sessions for read:user,repo,user:email,workflow...
2024-03-26 11:13:41.955 [info] Getting sessions for user:email...
2024-03-26 11:13:41.955 [info] Got 1 sessions for user:email...
2024-03-26 11:13:42.182 [info] Getting sessions for read:user,repo,user:email,workflow...
2024-03-26 11:13:42.182 [info] Got 0 sessions for read:user,repo,user:email,workflow...
2024-03-26 11:13:42.184 [info] Getting sessions for user:email...
2024-03-26 11:13:42.184 [info] Got 1 sessions for user:email...
2024-03-26 11:13:42.188 [info] Getting sessions for read:user,repo,user:email,workflow...
2024-03-26 11:13:42.188 [info] Got 0 sessions for read:user,repo,user:email,workflow...
2024-03-26 11:13:42.191 [info] Getting sessions for user:email...
2024-03-26 11:13:42.191 [info] Got 1 sessions for user:email...
2024-03-26 11:13:42.191 [info] Getting sessions for read:user,repo,user:email,workflow...
2024-03-26 11:13:42.191 [info] Got 0 sessions for read:user,repo,user:email,workflow...
2024-03-26 11:13:45.838 [info] Getting sessions for read:user,repo,user:email,workflow...
2024-03-26 11:13:45.838 [info] Got 0 sessions for read:user,repo,user:email,workflow...
2024-03-26 11:14:10.017 [info] Getting sessions for read:user,repo,user:email,workflow...
2024-03-26 11:14:10.017 [info] Got 0 sessions for read:user,repo,user:email,workflow...
2024-03-26 11:14:10.021 [info] Getting sessions for read:user...
2024-03-26 11:14:10.021 [info] Got 0 sessions for read:user...
2024-03-26 11:14:10.025 [info] Getting sessions for user:email...
2024-03-26 11:14:10.025 [info] Got 1 sessions for user:email...
2024-03-26 11:38:41.855 [info] Getting sessions for read:user,repo,user:email,workflow...
2024-03-26 11:38:41.856 [info] Got 0 sessions for read:user,repo,user:email,workflow...
2024-03-26 11:38:41.857 [info] Getting sessions for user:email...
2024-03-26 11:38:41.857 [info] Got 1 sessions for user:email...
2024-03-26 11:38:42.065 [info] Getting sessions for read:user,repo,user:email,workflow...
2024-03-26 11:38:42.065 [info] Got 0 sessions for read:user,repo,user:email,workflow...
2024-03-26 11:38:42.066 [info] Getting sessions for read:user...
2024-03-26 11:38:42.066 [info] Got 0 sessions for read:user...
2024-03-26 11:38:42.067 [info] Getting sessions for user:email...
2024-03-26 11:38:42.067 [info] Got 1 sessions for user:email...
2024-03-26 11:38:42.342 [info] Getting sessions for read:user,repo,user:email,workflow...
2024-03-26 11:38:42.342 [info] Got 0 sessions for read:user,repo,user:email,workflow...
2024-03-26 11:38:42.343 [info] Getting sessions for user:email...
2024-03-26 11:38:42.343 [info] Got 1 sessions for user:email...
2024-03-26 11:38:42.544 [info] Getting sessions for read:user,repo,user:email,workflow...
2024-03-26 11:38:42.544 [info] Got 0 sessions for read:user,repo,user:email,workflow...
2024-03-26 11:38:42.546 [info] Getting sessions for user:email...
2024-03-26 11:38:42.546 [info] Got 1 sessions for user:email...
2024-03-26 11:38:42.548 [info] Getting sessions for read:user,repo,user:email,workflow...
2024-03-26 11:38:42.548 [info] Got 0 sessions for read:user,repo,user:email,workflow...
2024-03-26 11:38:42.549 [info] Getting sessions for read:user,repo,user:email,workflow...
2024-03-26 11:38:42.549 [info] Got 0 sessions for read:user,repo,user:email,workflow...
2024-03-26 12:08:51.234 [info] Getting sessions for read:user,repo,user:email,workflow...
2024-03-26 12:08:51.234 [info] Got 0 sessions for read:user,repo,user:email,workflow...
2024-03-26 12:08:51.236 [info] Getting sessions for read:user...
2024-03-26 12:08:51.236 [info] Got 0 sessions for read:user...
2024-03-26 12:08:51.238 [info] Getting sessions for user:email...
2024-03-26 12:08:51.238 [info] Got 1 sessions for user:email...
2024-03-26 12:08:51.388 [info] Getting sessions for read:user,repo,user:email,workflow...
2024-03-26 12:08:51.388 [info] Got 0 sessions for read:user,repo,user:email,workflow...
2024-03-26 12:08:51.390 [info] Getting sessions for read:user...
2024-03-26 12:08:51.390 [info] Got 0 sessions for read:user...
2024-03-26 12:08:51.391 [info] Getting sessions for user:email...
2024-03-26 12:08:51.391 [info] Got 1 sessions for user:email...
2024-03-26 12:08:51.916 [info] Getting sessions for read:user,repo,user:email,workflow...
2024-03-26 12:08:51.916 [info] Got 0 sessions for read:user,repo,user:email,workflow...
2024-03-26 12:08:51.917 [info] Getting sessions for read:user...
2024-03-26 12:08:51.917 [info] Got 0 sessions for read:user...
2024-03-26 12:08:51.919 [info] Getting sessions for user:email...
2024-03-26 12:08:51.919 [info] Got 1 sessions for user:email...
2024-03-26 12:08:52.634 [info] Getting sessions for read:user,repo,user:email,workflow...
2024-03-26 12:08:52.634 [info] Got 0 sessions for read:user,repo,user:email,workflow...
2024-03-26 12:08:52.636 [info] Getting sessions for read:user...
2024-03-26 12:08:52.636 [info] Got 0 sessions for read:user...
2024-03-26 12:08:52.637 [info] Getting sessions for user:email...
2024-03-26 12:08:52.637 [info] Got 1 sessions for user:email...
2024-03-26 12:21:42.299 [info] Getting sessions for read:user,repo,user:email,workflow...
2024-03-26 12:21:42.299 [info] Got 0 sessions for read:user,repo,user:email,workflow...
2024-03-26 12:21:42.301 [info] Getting sessions for user:email...
2024-03-26 12:21:42.301 [info] Got 1 sessions for user:email...
2024-03-26 12:21:42.480 [info] Getting sessions for read:user,repo,user:email,workflow...
2024-03-26 12:21:42.480 [info] Got 0 sessions for read:user,repo,user:email,workflow...
2024-03-26 12:21:42.481 [info] Getting sessions for read:user...
2024-03-26 12:21:42.481 [info] Got 0 sessions for read:user...
2024-03-26 12:21:42.483 [info] Getting sessions for user:email...
2024-03-26 12:21:42.483 [info] Got 1 sessions for user:email...
2024-03-26 12:21:43.757 [info] Getting sessions for read:user,repo,user:email,workflow...
2024-03-26 12:21:43.758 [info] Got 0 sessions for read:user,repo,user:email,workflow...
2024-03-26 12:21:43.761 [info] Getting sessions for user:email...
2024-03-26 12:21:43.761 [info] Got 1 sessions for user:email...
2024-03-26 12:21:44.341 [info] Getting sessions for read:user,repo,user:email,workflow...
2024-03-26 12:21:44.341 [info] Got 0 sessions for read:user,repo,user:email,workflow...
2024-03-26 12:21:44.342 [info] Getting sessions for user:email...
2024-03-26 12:21:44.342 [info] Got 1 sessions for user:email...
2024-03-26 12:21:44.344 [info] Getting sessions for read:user,repo,user:email,workflow...
2024-03-26 12:21:44.345 [info] Got 0 sessions for read:user,repo,user:email,workflow...
2024-03-26 12:21:44.346 [info] Getting sessions for read:user,repo,user:email,workflow...
2024-03-26 12:21:44.346 [info] Got 0 sessions for read:user,repo,user:email,workflow...
2024-03-26 12:35:31.007 [info] Getting sessions for read:user,repo,user:email,workflow...
2024-03-26 12:35:31.007 [info] Got 0 sessions for read:user,repo,user:email,workflow...
2024-03-26 12:35:31.008 [info] Getting sessions for read:user...
2024-03-26 12:35:31.008 [info] Got 0 sessions for read:user...
2024-03-26 12:35:31.010 [info] Getting sessions for user:email...
2024-03-26 12:35:31.010 [info] Got 1 sessions for user:email...
2024-03-26 12:35:31.115 [info] Getting sessions for read:user,repo,user:email,workflow...
2024-03-26 12:35:31.115 [info] Got 0 sessions for read:user,repo,user:email,workflow...
2024-03-26 12:35:31.116 [info] Getting sessions for read:user...
2024-03-26 12:35:31.116 [info] Got 0 sessions for read:user...
2024-03-26 12:35:31.117 [info] Getting sessions for user:email...
2024-03-26 12:35:31.117 [info] Got 1 sessions for user:email...
