2024-03-26 10:49:46.784 [info] Log level: Info
2024-03-26 10:49:46.784 [info] Validating found git in: "git"
2024-03-26 10:49:46.784 [info] Using git "2.44.0" from "git"
2024-03-26 10:49:46.784 [info] > git rev-parse --show-toplevel [12ms]
2024-03-26 10:49:46.784 [info] > git rev-parse --git-dir --git-common-dir [5ms]
2024-03-26 10:49:46.784 [info] Open repository: /home/simon/programmation/HTML/site_perso
2024-03-26 10:49:46.788 [info] > git rev-parse --show-toplevel [5ms]
2024-03-26 10:49:46.790 [info] > git config --get commit.template [15ms]
2024-03-26 10:49:46.813 [info] > git rev-parse --show-toplevel [10ms]
2024-03-26 10:49:46.821 [info] > git for-each-ref --format=%(refname)%00%(upstream:short)%00%(objectname)%00%(upstream:track)%00%(upstream:remotename)%00%(upstream:remoteref) refs/heads/main refs/remotes/main [10ms]
2024-03-26 10:49:46.827 [warning] ENOENT: no such file or directory, open '/home/simon/programmation/HTML/site_perso/.git/refs/remotes/origin/main'
2024-03-26 10:49:46.828 [info] > git rev-parse --show-toplevel [8ms]
2024-03-26 10:49:46.832 [info] > git rev-parse refs/remotes/origin/main [4ms]
2024-03-26 10:49:46.863 [info] > git status -z -uall [22ms]
2024-03-26 10:49:46.885 [info] > git config --get commit.template [11ms]
2024-03-26 10:49:46.886 [info] > git for-each-ref --format=%(refname)%00%(upstream:short)%00%(objectname)%00%(upstream:track)%00%(upstream:remotename)%00%(upstream:remoteref) refs/heads/main refs/remotes/main [3ms]
2024-03-26 10:49:46.897 [warning] ENOENT: no such file or directory, open '/home/simon/programmation/HTML/site_perso/.git/refs/remotes/origin/main'
2024-03-26 10:49:46.900 [info] > git rev-parse refs/remotes/origin/main [4ms]
2024-03-26 10:49:46.979 [info] > git status -z -uall [74ms]
2024-03-26 10:49:47.299 [info] > git check-ignore -v -z --stdin [2ms]
2024-03-26 10:49:48.311 [info] > git show --textconv :index.html [10ms]
2024-03-26 10:49:48.318 [info] > git ls-files --stage -- /home/simon/programmation/HTML/site_perso/index.html [8ms]
2024-03-26 10:49:48.330 [info] > git cat-file -s 1a681fb248415303eca4418879bc204fdab34674 [3ms]
2024-03-26 10:51:31.994 [info] > git config --get commit.template [2ms]
2024-03-26 10:51:32.002 [info] > git for-each-ref --format=%(refname)%00%(upstream:short)%00%(objectname)%00%(upstream:track)%00%(upstream:remotename)%00%(upstream:remoteref) refs/heads/main refs/remotes/main [2ms]
2024-03-26 10:51:32.009 [warning] ENOENT: no such file or directory, open '/home/simon/programmation/HTML/site_perso/.git/refs/remotes/origin/main'
2024-03-26 10:51:32.011 [info] > git rev-parse refs/remotes/origin/main [2ms]
2024-03-26 10:51:32.029 [info] > git status -z -uall [14ms]
2024-03-26 10:51:36.818 [info] > git check-ignore -v -z --stdin [2ms]
2024-03-26 10:51:38.366 [info] > git show --textconv :css/style.css [9ms]
2024-03-26 10:51:38.368 [info] > git ls-files --stage -- /home/simon/programmation/HTML/site_perso/css/style.css [3ms]
2024-03-26 10:51:38.379 [info] > git cat-file -s 0d315920c8728c2987d3a9cbc8e01451b390e679 [2ms]
2024-03-26 10:51:39.847 [info] > git show --textconv :index.html [9ms]
2024-03-26 10:51:39.849 [info] > git ls-files --stage -- /home/simon/programmation/HTML/site_perso/index.html [3ms]
2024-03-26 10:51:39.858 [info] > git cat-file -s 1a681fb248415303eca4418879bc204fdab34674 [3ms]
2024-03-26 10:51:42.149 [info] > git show --textconv :css/style.css [8ms]
2024-03-26 10:51:42.151 [info] > git ls-files --stage -- /home/simon/programmation/HTML/site_perso/css/style.css [2ms]
2024-03-26 10:51:42.160 [info] > git cat-file -s 0d315920c8728c2987d3a9cbc8e01451b390e679 [2ms]
2024-03-26 10:51:57.485 [info] > git show --textconv :index.html [7ms]
2024-03-26 10:51:57.488 [info] > git ls-files --stage -- /home/simon/programmation/HTML/site_perso/index.html [4ms]
2024-03-26 10:51:57.494 [info] > git cat-file -s 1a681fb248415303eca4418879bc204fdab34674 [1ms]
2024-03-26 10:52:34.617 [info] > git show --textconv :css/style.css [9ms]
2024-03-26 10:52:34.618 [info] > git ls-files --stage -- /home/simon/programmation/HTML/site_perso/css/style.css [3ms]
2024-03-26 10:52:34.624 [info] > git cat-file -s 0d315920c8728c2987d3a9cbc8e01451b390e679 [1ms]
2024-03-26 10:53:32.148 [info] > git config --get commit.template [2ms]
2024-03-26 10:53:32.156 [info] > git for-each-ref --format=%(refname)%00%(upstream:short)%00%(objectname)%00%(upstream:track)%00%(upstream:remotename)%00%(upstream:remoteref) refs/heads/main refs/remotes/main [2ms]
2024-03-26 10:53:32.162 [warning] ENOENT: no such file or directory, open '/home/simon/programmation/HTML/site_perso/.git/refs/remotes/origin/main'
2024-03-26 10:53:32.164 [info] > git rev-parse refs/remotes/origin/main [2ms]
2024-03-26 10:53:32.186 [info] > git status -z -uall [16ms]
2024-03-26 10:53:43.851 [info] > git config --get commit.template [10ms]
2024-03-26 10:53:43.852 [info] > git for-each-ref --format=%(refname)%00%(upstream:short)%00%(objectname)%00%(upstream:track)%00%(upstream:remotename)%00%(upstream:remoteref) refs/heads/main refs/remotes/main [2ms]
2024-03-26 10:53:43.859 [warning] ENOENT: no such file or directory, open '/home/simon/programmation/HTML/site_perso/.git/refs/remotes/origin/main'
2024-03-26 10:53:43.861 [info] > git rev-parse refs/remotes/origin/main [2ms]
2024-03-26 10:53:43.885 [info] > git status -z -uall [17ms]
2024-03-26 10:53:56.054 [info] > git config --get commit.template [13ms]
2024-03-26 10:53:56.056 [info] > git for-each-ref --format=%(refname)%00%(upstream:short)%00%(objectname)%00%(upstream:track)%00%(upstream:remotename)%00%(upstream:remoteref) refs/heads/main refs/remotes/main [3ms]
2024-03-26 10:53:56.063 [warning] ENOENT: no such file or directory, open '/home/simon/programmation/HTML/site_perso/.git/refs/remotes/origin/main'
2024-03-26 10:53:56.065 [info] > git rev-parse refs/remotes/origin/main [2ms]
2024-03-26 10:53:56.085 [info] > git status -z -uall [14ms]
2024-03-26 10:54:10.685 [info] > git show --textconv :index.html [11ms]
2024-03-26 10:54:10.687 [info] > git ls-files --stage -- /home/simon/programmation/HTML/site_perso/index.html [2ms]
2024-03-26 10:54:10.694 [info] > git cat-file -s 1a681fb248415303eca4418879bc204fdab34674 [2ms]
2024-03-26 10:54:26.255 [info] > git show --textconv :css/style.css [6ms]
2024-03-26 10:54:26.256 [info] > git ls-files --stage -- /home/simon/programmation/HTML/site_perso/css/style.css [2ms]
2024-03-26 10:54:26.265 [info] > git cat-file -s 0d315920c8728c2987d3a9cbc8e01451b390e679 [2ms]
2024-03-26 10:54:38.071 [info] > git show --textconv :index.html [12ms]
2024-03-26 10:54:38.072 [info] > git ls-files --stage -- /home/simon/programmation/HTML/site_perso/index.html [2ms]
2024-03-26 10:54:38.083 [info] > git cat-file -s 1a681fb248415303eca4418879bc204fdab34674 [2ms]
2024-03-26 10:54:39.326 [info] > git show --textconv :css/style.css [7ms]
2024-03-26 10:54:39.328 [info] > git ls-files --stage -- /home/simon/programmation/HTML/site_perso/css/style.css [2ms]
2024-03-26 10:54:39.334 [info] > git cat-file -s 0d315920c8728c2987d3a9cbc8e01451b390e679 [2ms]
2024-03-26 10:54:58.099 [info] > git config --get commit.template [6ms]
2024-03-26 10:54:58.099 [info] > git for-each-ref --format=%(refname)%00%(upstream:short)%00%(objectname)%00%(upstream:track)%00%(upstream:remotename)%00%(upstream:remoteref) refs/heads/main refs/remotes/main [1ms]
2024-03-26 10:54:58.105 [warning] ENOENT: no such file or directory, open '/home/simon/programmation/HTML/site_perso/.git/refs/remotes/origin/main'
2024-03-26 10:54:58.106 [info] > git rev-parse refs/remotes/origin/main [1ms]
2024-03-26 10:54:58.124 [info] > git status -z -uall [13ms]
2024-03-26 10:55:21.491 [info] > git config --get commit.template [8ms]
2024-03-26 10:55:21.492 [info] > git for-each-ref --format=%(refname)%00%(upstream:short)%00%(objectname)%00%(upstream:track)%00%(upstream:remotename)%00%(upstream:remoteref) refs/heads/main refs/remotes/main [2ms]
2024-03-26 10:55:21.498 [warning] ENOENT: no such file or directory, open '/home/simon/programmation/HTML/site_perso/.git/refs/remotes/origin/main'
2024-03-26 10:55:21.499 [info] > git rev-parse refs/remotes/origin/main [1ms]
2024-03-26 10:55:21.519 [info] > git status -z -uall [14ms]
2024-03-26 10:55:40.212 [info] > git config --get commit.template [6ms]
2024-03-26 10:55:40.212 [info] > git for-each-ref --format=%(refname)%00%(upstream:short)%00%(objectname)%00%(upstream:track)%00%(upstream:remotename)%00%(upstream:remoteref) refs/heads/main refs/remotes/main [1ms]
2024-03-26 10:55:40.217 [warning] ENOENT: no such file or directory, open '/home/simon/programmation/HTML/site_perso/.git/refs/remotes/origin/main'
2024-03-26 10:55:40.219 [info] > git rev-parse refs/remotes/origin/main [2ms]
2024-03-26 10:55:40.237 [info] > git status -z -uall [13ms]
2024-03-26 10:56:24.074 [info] > git config --get commit.template [2ms]
2024-03-26 10:56:24.081 [info] > git for-each-ref --format=%(refname)%00%(upstream:short)%00%(objectname)%00%(upstream:track)%00%(upstream:remotename)%00%(upstream:remoteref) refs/heads/main refs/remotes/main [2ms]
2024-03-26 10:56:24.088 [warning] ENOENT: no such file or directory, open '/home/simon/programmation/HTML/site_perso/.git/refs/remotes/origin/main'
2024-03-26 10:56:24.089 [info] > git rev-parse refs/remotes/origin/main [2ms]
2024-03-26 10:56:24.113 [info] > git status -z -uall [16ms]
2024-03-26 10:56:57.338 [info] > git config --get commit.template [7ms]
2024-03-26 10:56:57.339 [info] > git for-each-ref --format=%(refname)%00%(upstream:short)%00%(objectname)%00%(upstream:track)%00%(upstream:remotename)%00%(upstream:remoteref) refs/heads/main refs/remotes/main [2ms]
2024-03-26 10:56:57.344 [warning] ENOENT: no such file or directory, open '/home/simon/programmation/HTML/site_perso/.git/refs/remotes/origin/main'
2024-03-26 10:56:57.345 [info] > git rev-parse refs/remotes/origin/main [1ms]
2024-03-26 10:56:57.364 [info] > git status -z -uall [13ms]
2024-03-26 10:57:10.451 [info] > git config --get commit.template [5ms]
2024-03-26 10:57:10.469 [info] > git for-each-ref --format=%(refname)%00%(upstream:short)%00%(objectname)%00%(upstream:track)%00%(upstream:remotename)%00%(upstream:remoteref) refs/heads/main refs/remotes/main [7ms]
2024-03-26 10:57:10.479 [warning] ENOENT: no such file or directory, open '/home/simon/programmation/HTML/site_perso/.git/refs/remotes/origin/main'
2024-03-26 10:57:10.480 [info] > git rev-parse refs/remotes/origin/main [2ms]
2024-03-26 10:57:10.507 [info] > git status -z -uall [16ms]
2024-03-26 10:57:25.530 [info] > git config --get commit.template [3ms]
2024-03-26 10:57:25.548 [info] > git for-each-ref --format=%(refname)%00%(upstream:short)%00%(objectname)%00%(upstream:track)%00%(upstream:remotename)%00%(upstream:remoteref) refs/heads/main refs/remotes/main [3ms]
2024-03-26 10:57:25.558 [warning] ENOENT: no such file or directory, open '/home/simon/programmation/HTML/site_perso/.git/refs/remotes/origin/main'
2024-03-26 10:57:25.560 [info] > git rev-parse refs/remotes/origin/main [2ms]
2024-03-26 10:57:25.592 [info] > git status -z -uall [17ms]
2024-03-26 10:57:36.848 [info] > git config --get commit.template [3ms]
2024-03-26 10:57:36.864 [info] > git for-each-ref --format=%(refname)%00%(upstream:short)%00%(objectname)%00%(upstream:track)%00%(upstream:remotename)%00%(upstream:remoteref) refs/heads/main refs/remotes/main [4ms]
2024-03-26 10:57:36.880 [warning] ENOENT: no such file or directory, open '/home/simon/programmation/HTML/site_perso/.git/refs/remotes/origin/main'
2024-03-26 10:57:36.881 [info] > git rev-parse refs/remotes/origin/main [1ms]
2024-03-26 10:57:36.910 [info] > git status -z -uall [17ms]
2024-03-26 10:57:47.255 [info] > git config --get commit.template [8ms]
2024-03-26 10:57:47.256 [info] > git for-each-ref --format=%(refname)%00%(upstream:short)%00%(objectname)%00%(upstream:track)%00%(upstream:remotename)%00%(upstream:remoteref) refs/heads/main refs/remotes/main [3ms]
2024-03-26 10:57:47.265 [warning] ENOENT: no such file or directory, open '/home/simon/programmation/HTML/site_perso/.git/refs/remotes/origin/main'
2024-03-26 10:57:47.266 [info] > git rev-parse refs/remotes/origin/main [1ms]
2024-03-26 10:57:47.291 [info] > git status -z -uall [16ms]
2024-03-26 10:57:58.052 [info] > git config --get commit.template [2ms]
2024-03-26 10:57:58.064 [info] > git for-each-ref --format=%(refname)%00%(upstream:short)%00%(objectname)%00%(upstream:track)%00%(upstream:remotename)%00%(upstream:remoteref) refs/heads/main refs/remotes/main [4ms]
2024-03-26 10:57:58.073 [warning] ENOENT: no such file or directory, open '/home/simon/programmation/HTML/site_perso/.git/refs/remotes/origin/main'
2024-03-26 10:57:58.074 [info] > git rev-parse refs/remotes/origin/main [1ms]
2024-03-26 10:57:58.100 [info] > git status -z -uall [17ms]
2024-03-26 10:58:02.856 [info] > git show --textconv :index.html [9ms]
2024-03-26 10:58:02.858 [info] > git ls-files --stage -- /home/simon/programmation/HTML/site_perso/index.html [3ms]
2024-03-26 10:58:02.866 [info] > git cat-file -s 1a681fb248415303eca4418879bc204fdab34674 [2ms]
2024-03-26 11:01:13.713 [info] > git show --textconv :css/style.css [11ms]
2024-03-26 11:01:13.714 [info] > git ls-files --stage -- /home/simon/programmation/HTML/site_perso/css/style.css [3ms]
2024-03-26 11:01:13.725 [info] > git cat-file -s 0d315920c8728c2987d3a9cbc8e01451b390e679 [3ms]
2024-03-26 11:01:28.508 [info] > git config --get commit.template [17ms]
2024-03-26 11:01:28.509 [info] > git for-each-ref --format=%(refname)%00%(upstream:short)%00%(objectname)%00%(upstream:track)%00%(upstream:remotename)%00%(upstream:remoteref) refs/heads/main refs/remotes/main [2ms]
2024-03-26 11:01:28.520 [warning] ENOENT: no such file or directory, open '/home/simon/programmation/HTML/site_perso/.git/refs/remotes/origin/main'
2024-03-26 11:01:28.522 [info] > git rev-parse refs/remotes/origin/main [2ms]
2024-03-26 11:01:28.551 [info] > git status -z -uall [21ms]
2024-03-26 11:01:37.531 [info] > git config --get commit.template [11ms]
2024-03-26 11:01:37.533 [info] > git for-each-ref --format=%(refname)%00%(upstream:short)%00%(objectname)%00%(upstream:track)%00%(upstream:remotename)%00%(upstream:remoteref) refs/heads/main refs/remotes/main [3ms]
2024-03-26 11:01:37.539 [warning] ENOENT: no such file or directory, open '/home/simon/programmation/HTML/site_perso/.git/refs/remotes/origin/main'
2024-03-26 11:01:37.541 [info] > git rev-parse refs/remotes/origin/main [1ms]
2024-03-26 11:01:37.562 [info] > git status -z -uall [13ms]
2024-03-26 11:01:40.285 [info] > git show --textconv :index.html [10ms]
2024-03-26 11:01:40.286 [info] > git ls-files --stage -- /home/simon/programmation/HTML/site_perso/index.html [3ms]
2024-03-26 11:01:40.293 [info] > git cat-file -s 1a681fb248415303eca4418879bc204fdab34674 [2ms]
2024-03-26 11:05:18.454 [info] > git config --get commit.template [1ms]
2024-03-26 11:05:18.461 [info] > git for-each-ref --format=%(refname)%00%(upstream:short)%00%(objectname)%00%(upstream:track)%00%(upstream:remotename)%00%(upstream:remoteref) refs/heads/main refs/remotes/main [2ms]
2024-03-26 11:05:18.466 [warning] ENOENT: no such file or directory, open '/home/simon/programmation/HTML/site_perso/.git/refs/remotes/origin/main'
2024-03-26 11:05:18.467 [info] > git rev-parse refs/remotes/origin/main [1ms]
2024-03-26 11:05:18.485 [info] > git status -z -uall [13ms]
2024-03-26 11:10:49.802 [info] > git config --get commit.template [8ms]
2024-03-26 11:10:49.803 [info] > git for-each-ref --format=%(refname)%00%(upstream:short)%00%(objectname)%00%(upstream:track)%00%(upstream:remotename)%00%(upstream:remoteref) refs/heads/main refs/remotes/main [2ms]
2024-03-26 11:10:49.808 [warning] ENOENT: no such file or directory, open '/home/simon/programmation/HTML/site_perso/.git/refs/remotes/origin/main'
2024-03-26 11:10:49.809 [info] > git rev-parse refs/remotes/origin/main [2ms]
2024-03-26 11:10:49.830 [info] > git status -z -uall [15ms]
2024-03-26 11:10:50.271 [info] > git show --textconv :css/style.css [7ms]
2024-03-26 11:10:50.272 [info] > git ls-files --stage -- /home/simon/programmation/HTML/site_perso/css/style.css [2ms]
2024-03-26 11:10:50.278 [info] > git cat-file -s 0d315920c8728c2987d3a9cbc8e01451b390e679 [1ms]
2024-03-26 11:11:32.167 [info] > git config --get commit.template [10ms]
2024-03-26 11:11:32.169 [info] > git for-each-ref --format=%(refname)%00%(upstream:short)%00%(objectname)%00%(upstream:track)%00%(upstream:remotename)%00%(upstream:remoteref) refs/heads/main refs/remotes/main [2ms]
2024-03-26 11:11:32.174 [warning] ENOENT: no such file or directory, open '/home/simon/programmation/HTML/site_perso/.git/refs/remotes/origin/main'
2024-03-26 11:11:32.176 [info] > git rev-parse refs/remotes/origin/main [1ms]
2024-03-26 11:11:32.197 [info] > git status -z -uall [14ms]
2024-03-26 11:11:53.198 [info] > git config --get commit.template [6ms]
2024-03-26 11:11:53.199 [info] > git for-each-ref --format=%(refname)%00%(upstream:short)%00%(objectname)%00%(upstream:track)%00%(upstream:remotename)%00%(upstream:remoteref) refs/heads/main refs/remotes/main [2ms]
2024-03-26 11:11:53.204 [warning] ENOENT: no such file or directory, open '/home/simon/programmation/HTML/site_perso/.git/refs/remotes/origin/main'
2024-03-26 11:11:53.205 [info] > git rev-parse refs/remotes/origin/main [1ms]
2024-03-26 11:11:53.223 [info] > git status -z -uall [13ms]
2024-03-26 11:12:06.438 [info] > git config --get commit.template [6ms]
2024-03-26 11:12:06.439 [info] > git for-each-ref --format=%(refname)%00%(upstream:short)%00%(objectname)%00%(upstream:track)%00%(upstream:remotename)%00%(upstream:remoteref) refs/heads/main refs/remotes/main [2ms]
2024-03-26 11:12:06.444 [warning] ENOENT: no such file or directory, open '/home/simon/programmation/HTML/site_perso/.git/refs/remotes/origin/main'
2024-03-26 11:12:06.445 [info] > git rev-parse refs/remotes/origin/main [1ms]
2024-03-26 11:12:06.463 [info] > git status -z -uall [13ms]
2024-03-26 11:12:54.256 [info] > git show --textconv :css/style.css [7ms]
2024-03-26 11:12:54.259 [info] > git ls-files --stage -- /home/simon/programmation/HTML/site_perso/css/style.css [5ms]
2024-03-26 11:12:54.266 [info] > git cat-file -s 0d315920c8728c2987d3a9cbc8e01451b390e679 [2ms]
2024-03-26 11:12:54.767 [info] > git show --textconv :index.html [9ms]
2024-03-26 11:12:54.768 [info] > git ls-files --stage -- /home/simon/programmation/HTML/site_perso/index.html [2ms]
2024-03-26 11:12:54.778 [info] > git cat-file -s 1a681fb248415303eca4418879bc204fdab34674 [2ms]
2024-03-26 11:13:10.489 [info] > git config --get commit.template [10ms]
2024-03-26 11:13:10.491 [info] > git for-each-ref --format=%(refname)%00%(upstream:short)%00%(objectname)%00%(upstream:track)%00%(upstream:remotename)%00%(upstream:remoteref) refs/heads/main refs/remotes/main [4ms]
2024-03-26 11:13:10.499 [warning] ENOENT: no such file or directory, open '/home/simon/programmation/HTML/site_perso/.git/refs/remotes/origin/main'
2024-03-26 11:13:10.500 [info] > git rev-parse refs/remotes/origin/main [2ms]
2024-03-26 11:13:10.534 [info] > git status -z -uall [25ms]
2024-03-26 11:14:41.776 [info] > git show --textconv :index.html [14ms]
2024-03-26 11:14:41.778 [info] > git ls-files --stage -- /home/simon/programmation/HTML/site_perso/index.html [4ms]
2024-03-26 11:14:41.787 [info] > git cat-file -s 1a681fb248415303eca4418879bc204fdab34674 [1ms]
2024-03-26 11:15:00.169 [info] > git show --textconv :index.html [11ms]
2024-03-26 11:15:00.170 [info] > git ls-files --stage -- /home/simon/programmation/HTML/site_perso/index.html [2ms]
2024-03-26 11:15:00.180 [info] > git cat-file -s 1a681fb248415303eca4418879bc204fdab34674 [2ms]
2024-03-26 11:16:41.366 [info] > git config --get commit.template [13ms]
2024-03-26 11:16:41.367 [info] > git for-each-ref --format=%(refname)%00%(upstream:short)%00%(objectname)%00%(upstream:track)%00%(upstream:remotename)%00%(upstream:remoteref) refs/heads/main refs/remotes/main [2ms]
2024-03-26 11:16:41.378 [warning] ENOENT: no such file or directory, open '/home/simon/programmation/HTML/site_perso/.git/refs/remotes/origin/main'
2024-03-26 11:16:41.379 [info] > git rev-parse refs/remotes/origin/main [1ms]
2024-03-26 11:16:41.405 [info] > git status -z -uall [14ms]
2024-03-26 11:28:33.336 [info] > git config --get commit.template [10ms]
2024-03-26 11:28:33.336 [info] > git for-each-ref --format=%(refname)%00%(upstream:short)%00%(objectname)%00%(upstream:track)%00%(upstream:remotename)%00%(upstream:remoteref) refs/heads/main refs/remotes/main [1ms]
2024-03-26 11:28:33.345 [warning] ENOENT: no such file or directory, open '/home/simon/programmation/HTML/site_perso/.git/refs/remotes/origin/main'
2024-03-26 11:28:33.346 [info] > git rev-parse refs/remotes/origin/main [1ms]
2024-03-26 11:28:33.372 [info] > git status -z -uall [14ms]
2024-03-26 11:29:12.475 [info] > git config --get commit.template [10ms]
2024-03-26 11:29:12.476 [info] > git for-each-ref --format=%(refname)%00%(upstream:short)%00%(objectname)%00%(upstream:track)%00%(upstream:remotename)%00%(upstream:remoteref) refs/heads/main refs/remotes/main [2ms]
2024-03-26 11:29:12.485 [warning] ENOENT: no such file or directory, open '/home/simon/programmation/HTML/site_perso/.git/refs/remotes/origin/main'
2024-03-26 11:29:12.486 [info] > git rev-parse refs/remotes/origin/main [1ms]
2024-03-26 11:29:12.508 [info] > git status -z -uall [13ms]
2024-03-26 11:34:21.608 [info] > git config --get commit.template [15ms]
2024-03-26 11:34:21.609 [info] > git for-each-ref --format=%(refname)%00%(upstream:short)%00%(objectname)%00%(upstream:track)%00%(upstream:remotename)%00%(upstream:remoteref) refs/heads/main refs/remotes/main [3ms]
2024-03-26 11:34:21.619 [warning] ENOENT: no such file or directory, open '/home/simon/programmation/HTML/site_perso/.git/refs/remotes/origin/main'
2024-03-26 11:34:21.621 [info] > git rev-parse refs/remotes/origin/main [2ms]
2024-03-26 11:34:21.648 [info] > git status -z -uall [14ms]
2024-03-26 11:34:23.810 [info] > git show --textconv :css/style.css [18ms]
2024-03-26 11:34:23.812 [info] > git ls-files --stage -- /home/simon/programmation/HTML/site_perso/css/style.css [3ms]
2024-03-26 11:34:23.835 [info] > git cat-file -s 0d315920c8728c2987d3a9cbc8e01451b390e679 [1ms]
2024-03-26 11:34:29.118 [info] > git config --get commit.template [11ms]
2024-03-26 11:34:29.119 [info] > git for-each-ref --format=%(refname)%00%(upstream:short)%00%(objectname)%00%(upstream:track)%00%(upstream:remotename)%00%(upstream:remoteref) refs/heads/main refs/remotes/main [2ms]
2024-03-26 11:34:29.129 [warning] ENOENT: no such file or directory, open '/home/simon/programmation/HTML/site_perso/.git/refs/remotes/origin/main'
2024-03-26 11:34:29.130 [info] > git rev-parse refs/remotes/origin/main [1ms]
2024-03-26 11:34:29.154 [info] > git status -z -uall [13ms]
2024-03-26 11:35:09.078 [info] > git config --get commit.template [12ms]
2024-03-26 11:35:09.079 [info] > git for-each-ref --format=%(refname)%00%(upstream:short)%00%(objectname)%00%(upstream:track)%00%(upstream:remotename)%00%(upstream:remoteref) refs/heads/main refs/remotes/main [1ms]
2024-03-26 11:35:09.089 [warning] ENOENT: no such file or directory, open '/home/simon/programmation/HTML/site_perso/.git/refs/remotes/origin/main'
2024-03-26 11:35:09.091 [info] > git rev-parse refs/remotes/origin/main [1ms]
2024-03-26 11:35:09.114 [info] > git status -z -uall [13ms]
2024-03-26 11:36:17.472 [info] > git config --get commit.template [3ms]
2024-03-26 11:36:17.507 [info] > git for-each-ref --format=%(refname)%00%(upstream:short)%00%(objectname)%00%(upstream:track)%00%(upstream:remotename)%00%(upstream:remoteref) refs/heads/main refs/remotes/main [6ms]
2024-03-26 11:36:17.530 [warning] ENOENT: no such file or directory, open '/home/simon/programmation/HTML/site_perso/.git/refs/remotes/origin/main'
2024-03-26 11:36:17.531 [info] > git rev-parse refs/remotes/origin/main [1ms]
2024-03-26 11:36:17.573 [info] > git status -z -uall [21ms]
2024-03-26 11:36:27.725 [info] > git config --get commit.template [21ms]
2024-03-26 11:36:27.726 [info] > git for-each-ref --format=%(refname)%00%(upstream:short)%00%(objectname)%00%(upstream:track)%00%(upstream:remotename)%00%(upstream:remoteref) refs/heads/main refs/remotes/main [2ms]
2024-03-26 11:36:27.744 [warning] ENOENT: no such file or directory, open '/home/simon/programmation/HTML/site_perso/.git/refs/remotes/origin/main'
2024-03-26 11:36:27.746 [info] > git rev-parse refs/remotes/origin/main [2ms]
2024-03-26 11:36:27.794 [info] > git status -z -uall [26ms]
2024-03-26 11:36:47.180 [info] > git config --get commit.template [17ms]
2024-03-26 11:36:47.181 [info] > git for-each-ref --format=%(refname)%00%(upstream:short)%00%(objectname)%00%(upstream:track)%00%(upstream:remotename)%00%(upstream:remoteref) refs/heads/main refs/remotes/main [2ms]
2024-03-26 11:36:47.196 [warning] ENOENT: no such file or directory, open '/home/simon/programmation/HTML/site_perso/.git/refs/remotes/origin/main'
2024-03-26 11:36:47.198 [info] > git rev-parse refs/remotes/origin/main [2ms]
2024-03-26 11:36:47.229 [info] > git status -z -uall [15ms]
2024-03-26 11:37:20.505 [info] > git config --get commit.template [22ms]
2024-03-26 11:37:20.506 [info] > git for-each-ref --format=%(refname)%00%(upstream:short)%00%(objectname)%00%(upstream:track)%00%(upstream:remotename)%00%(upstream:remoteref) refs/heads/main refs/remotes/main [3ms]
2024-03-26 11:37:20.524 [warning] ENOENT: no such file or directory, open '/home/simon/programmation/HTML/site_perso/.git/refs/remotes/origin/main'
2024-03-26 11:37:20.525 [info] > git rev-parse refs/remotes/origin/main [2ms]
2024-03-26 11:37:20.558 [info] > git status -z -uall [17ms]
2024-03-26 11:37:31.723 [info] > git config --get commit.template [27ms]
2024-03-26 11:37:31.725 [info] > git for-each-ref --format=%(refname)%00%(upstream:short)%00%(objectname)%00%(upstream:track)%00%(upstream:remotename)%00%(upstream:remoteref) refs/heads/main refs/remotes/main [3ms]
2024-03-26 11:37:31.751 [warning] ENOENT: no such file or directory, open '/home/simon/programmation/HTML/site_perso/.git/refs/remotes/origin/main'
2024-03-26 11:37:31.753 [info] > git rev-parse refs/remotes/origin/main [2ms]
2024-03-26 11:37:31.794 [info] > git status -z -uall [19ms]
2024-03-26 11:37:46.066 [info] > git config --get commit.template [1ms]
2024-03-26 11:37:46.094 [info] > git for-each-ref --format=%(refname)%00%(upstream:short)%00%(objectname)%00%(upstream:track)%00%(upstream:remotename)%00%(upstream:remoteref) refs/heads/main refs/remotes/main [3ms]
2024-03-26 11:37:46.122 [warning] ENOENT: no such file or directory, open '/home/simon/programmation/HTML/site_perso/.git/refs/remotes/origin/main'
2024-03-26 11:37:46.125 [info] > git rev-parse refs/remotes/origin/main [4ms]
2024-03-26 11:37:46.170 [info] > git status -z -uall [21ms]
2024-03-26 11:38:15.738 [info] > git config --get commit.template [17ms]
2024-03-26 11:38:15.739 [info] > git for-each-ref --format=%(refname)%00%(upstream:short)%00%(objectname)%00%(upstream:track)%00%(upstream:remotename)%00%(upstream:remoteref) refs/heads/main refs/remotes/main [2ms]
2024-03-26 11:38:15.755 [warning] ENOENT: no such file or directory, open '/home/simon/programmation/HTML/site_perso/.git/refs/remotes/origin/main'
2024-03-26 11:38:15.756 [info] > git rev-parse refs/remotes/origin/main [2ms]
2024-03-26 11:38:15.784 [info] > git status -z -uall [14ms]
2024-03-26 11:38:33.811 [info] > git show --textconv :index.html [13ms]
2024-03-26 11:38:33.813 [info] > git ls-files --stage -- /home/simon/programmation/HTML/site_perso/index.html [3ms]
2024-03-26 11:38:33.825 [info] > git cat-file -s 1a681fb248415303eca4418879bc204fdab34674 [1ms]
2024-03-26 11:39:39.384 [info] > git config --get commit.template [12ms]
2024-03-26 11:39:39.385 [info] > git for-each-ref --format=%(refname)%00%(upstream:short)%00%(objectname)%00%(upstream:track)%00%(upstream:remotename)%00%(upstream:remoteref) refs/heads/main refs/remotes/main [2ms]
2024-03-26 11:39:39.396 [warning] ENOENT: no such file or directory, open '/home/simon/programmation/HTML/site_perso/.git/refs/remotes/origin/main'
2024-03-26 11:39:39.397 [info] > git rev-parse refs/remotes/origin/main [1ms]
2024-03-26 11:39:39.425 [info] > git status -z -uall [13ms]
2024-03-26 11:40:13.032 [info] > git config --get commit.template [13ms]
2024-03-26 11:40:13.033 [info] > git for-each-ref --format=%(refname)%00%(upstream:short)%00%(objectname)%00%(upstream:track)%00%(upstream:remotename)%00%(upstream:remoteref) refs/heads/main refs/remotes/main [2ms]
2024-03-26 11:40:13.047 [warning] ENOENT: no such file or directory, open '/home/simon/programmation/HTML/site_perso/.git/refs/remotes/origin/main'
2024-03-26 11:40:13.048 [info] > git rev-parse refs/remotes/origin/main [1ms]
2024-03-26 11:40:13.074 [info] > git status -z -uall [14ms]
2024-03-26 11:40:24.174 [info] > git show --textconv :css/style.css [14ms]
2024-03-26 11:40:24.175 [info] > git ls-files --stage -- /home/simon/programmation/HTML/site_perso/css/style.css [2ms]
2024-03-26 11:40:24.189 [info] > git cat-file -s 0d315920c8728c2987d3a9cbc8e01451b390e679 [2ms]
2024-03-26 11:40:38.977 [info] > git show --textconv :index.html [17ms]
2024-03-26 11:40:38.979 [info] > git ls-files --stage -- /home/simon/programmation/HTML/site_perso/index.html [3ms]
2024-03-26 11:40:38.995 [info] > git cat-file -s 1a681fb248415303eca4418879bc204fdab34674 [2ms]
2024-03-26 11:40:58.291 [info] > git config --get commit.template [11ms]
2024-03-26 11:40:58.292 [info] > git for-each-ref --format=%(refname)%00%(upstream:short)%00%(objectname)%00%(upstream:track)%00%(upstream:remotename)%00%(upstream:remoteref) refs/heads/main refs/remotes/main [1ms]
2024-03-26 11:40:58.306 [warning] ENOENT: no such file or directory, open '/home/simon/programmation/HTML/site_perso/.git/refs/remotes/origin/main'
2024-03-26 11:40:58.309 [info] > git rev-parse refs/remotes/origin/main [3ms]
2024-03-26 11:40:58.335 [info] > git status -z -uall [15ms]
2024-03-26 11:41:37.891 [info] > git config --get commit.template [24ms]
2024-03-26 11:41:37.893 [info] > git for-each-ref --format=%(refname)%00%(upstream:short)%00%(objectname)%00%(upstream:track)%00%(upstream:remotename)%00%(upstream:remoteref) refs/heads/main refs/remotes/main [2ms]
2024-03-26 11:41:37.910 [warning] ENOENT: no such file or directory, open '/home/simon/programmation/HTML/site_perso/.git/refs/remotes/origin/main'
2024-03-26 11:41:37.911 [info] > git rev-parse refs/remotes/origin/main [1ms]
2024-03-26 11:41:37.944 [info] > git status -z -uall [17ms]
2024-03-26 11:42:56.695 [info] > git config --get commit.template [15ms]
2024-03-26 11:42:56.696 [info] > git for-each-ref --format=%(refname)%00%(upstream:short)%00%(objectname)%00%(upstream:track)%00%(upstream:remotename)%00%(upstream:remoteref) refs/heads/main refs/remotes/main [2ms]
2024-03-26 11:42:56.708 [warning] ENOENT: no such file or directory, open '/home/simon/programmation/HTML/site_perso/.git/refs/remotes/origin/main'
2024-03-26 11:42:56.711 [info] > git rev-parse refs/remotes/origin/main [3ms]
2024-03-26 11:42:56.738 [info] > git status -z -uall [14ms]
2024-03-26 11:43:04.988 [info] > git show --textconv :css/style.css [19ms]
2024-03-26 11:43:04.992 [info] > git ls-files --stage -- /home/simon/programmation/HTML/site_perso/css/style.css [5ms]
2024-03-26 11:43:05.012 [info] > git cat-file -s 0d315920c8728c2987d3a9cbc8e01451b390e679 [3ms]
2024-03-26 11:43:06.703 [info] > git show --textconv :index.html [55ms]
2024-03-26 11:43:06.704 [info] > git show --textconv :css/style.css [18ms]
2024-03-26 11:43:06.706 [info] > git ls-files --stage -- /home/simon/programmation/HTML/site_perso/index.html [40ms]
2024-03-26 11:43:06.729 [info] > git cat-file -s 1a681fb248415303eca4418879bc204fdab34674 [5ms]
2024-03-26 11:43:06.731 [info] > git ls-files --stage -- /home/simon/programmation/HTML/site_perso/css/style.css [29ms]
2024-03-26 11:43:06.758 [info] > git cat-file -s 0d315920c8728c2987d3a9cbc8e01451b390e679 [6ms]
2024-03-26 11:43:45.940 [info] > git config --get commit.template [13ms]
2024-03-26 11:43:45.941 [info] > git for-each-ref --format=%(refname)%00%(upstream:short)%00%(objectname)%00%(upstream:track)%00%(upstream:remotename)%00%(upstream:remoteref) refs/heads/main refs/remotes/main [2ms]
2024-03-26 11:43:45.953 [warning] ENOENT: no such file or directory, open '/home/simon/programmation/HTML/site_perso/.git/refs/remotes/origin/main'
2024-03-26 11:43:45.954 [info] > git rev-parse refs/remotes/origin/main [1ms]
2024-03-26 11:43:45.979 [info] > git status -z -uall [13ms]
2024-03-26 11:44:13.672 [info] > git config --get commit.template [2ms]
2024-03-26 11:44:13.691 [info] > git for-each-ref --format=%(refname)%00%(upstream:short)%00%(objectname)%00%(upstream:track)%00%(upstream:remotename)%00%(upstream:remoteref) refs/heads/main refs/remotes/main [3ms]
2024-03-26 11:44:13.708 [warning] ENOENT: no such file or directory, open '/home/simon/programmation/HTML/site_perso/.git/refs/remotes/origin/main'
2024-03-26 11:44:13.710 [info] > git rev-parse refs/remotes/origin/main [2ms]
2024-03-26 11:44:13.744 [info] > git status -z -uall [16ms]
2024-03-26 11:44:20.900 [info] > git config --get commit.template [14ms]
2024-03-26 11:44:20.902 [info] > git for-each-ref --format=%(refname)%00%(upstream:short)%00%(objectname)%00%(upstream:track)%00%(upstream:remotename)%00%(upstream:remoteref) refs/heads/main refs/remotes/main [3ms]
2024-03-26 11:44:20.917 [warning] ENOENT: no such file or directory, open '/home/simon/programmation/HTML/site_perso/.git/refs/remotes/origin/main'
2024-03-26 11:44:20.919 [info] > git rev-parse refs/remotes/origin/main [2ms]
2024-03-26 11:44:20.946 [info] > git status -z -uall [14ms]
2024-03-26 11:44:25.977 [info] > git config --get commit.template [13ms]
2024-03-26 11:44:25.978 [info] > git for-each-ref --format=%(refname)%00%(upstream:short)%00%(objectname)%00%(upstream:track)%00%(upstream:remotename)%00%(upstream:remoteref) refs/heads/main refs/remotes/main [2ms]
2024-03-26 11:44:25.990 [warning] ENOENT: no such file or directory, open '/home/simon/programmation/HTML/site_perso/.git/refs/remotes/origin/main'
2024-03-26 11:44:25.992 [info] > git rev-parse refs/remotes/origin/main [2ms]
2024-03-26 11:44:26.017 [info] > git status -z -uall [14ms]
2024-03-26 11:44:53.925 [info] > git config --get commit.template [33ms]
2024-03-26 11:44:53.928 [info] > git for-each-ref --format=%(refname)%00%(upstream:short)%00%(objectname)%00%(upstream:track)%00%(upstream:remotename)%00%(upstream:remoteref) refs/heads/main refs/remotes/main [4ms]
2024-03-26 11:44:53.951 [warning] ENOENT: no such file or directory, open '/home/simon/programmation/HTML/site_perso/.git/refs/remotes/origin/main'
2024-03-26 11:44:53.953 [info] > git rev-parse refs/remotes/origin/main [2ms]
2024-03-26 11:44:53.990 [info] > git status -z -uall [15ms]
2024-03-26 11:45:09.078 [info] > git config --get commit.template [19ms]
2024-03-26 11:45:09.079 [info] > git for-each-ref --format=%(refname)%00%(upstream:short)%00%(objectname)%00%(upstream:track)%00%(upstream:remotename)%00%(upstream:remoteref) refs/heads/main refs/remotes/main [1ms]
2024-03-26 11:45:09.095 [warning] ENOENT: no such file or directory, open '/home/simon/programmation/HTML/site_perso/.git/refs/remotes/origin/main'
2024-03-26 11:45:09.096 [info] > git rev-parse refs/remotes/origin/main [2ms]
2024-03-26 11:45:09.125 [info] > git status -z -uall [14ms]
2024-03-26 11:45:16.808 [info] > git config --get commit.template [21ms]
2024-03-26 11:45:16.809 [info] > git for-each-ref --format=%(refname)%00%(upstream:short)%00%(objectname)%00%(upstream:track)%00%(upstream:remotename)%00%(upstream:remoteref) refs/heads/main refs/remotes/main [2ms]
2024-03-26 11:45:16.827 [warning] ENOENT: no such file or directory, open '/home/simon/programmation/HTML/site_perso/.git/refs/remotes/origin/main'
2024-03-26 11:45:16.829 [info] > git rev-parse refs/remotes/origin/main [2ms]
2024-03-26 11:45:16.862 [info] > git status -z -uall [16ms]
2024-03-26 11:45:52.690 [info] > git config --get commit.template [19ms]
2024-03-26 11:45:52.690 [info] > git for-each-ref --format=%(refname)%00%(upstream:short)%00%(objectname)%00%(upstream:track)%00%(upstream:remotename)%00%(upstream:remoteref) refs/heads/main refs/remotes/main [2ms]
2024-03-26 11:45:52.706 [warning] ENOENT: no such file or directory, open '/home/simon/programmation/HTML/site_perso/.git/refs/remotes/origin/main'
2024-03-26 11:45:52.708 [info] > git rev-parse refs/remotes/origin/main [2ms]
2024-03-26 11:45:52.735 [info] > git status -z -uall [14ms]
2024-03-26 11:45:57.765 [info] > git config --get commit.template [14ms]
2024-03-26 11:45:57.766 [info] > git for-each-ref --format=%(refname)%00%(upstream:short)%00%(objectname)%00%(upstream:track)%00%(upstream:remotename)%00%(upstream:remoteref) refs/heads/main refs/remotes/main [2ms]
2024-03-26 11:45:57.779 [warning] ENOENT: no such file or directory, open '/home/simon/programmation/HTML/site_perso/.git/refs/remotes/origin/main'
2024-03-26 11:45:57.781 [info] > git rev-parse refs/remotes/origin/main [2ms]
2024-03-26 11:45:57.808 [info] > git status -z -uall [14ms]
2024-03-26 11:46:36.877 [info] > git config --get commit.template [18ms]
2024-03-26 11:46:36.878 [info] > git for-each-ref --format=%(refname)%00%(upstream:short)%00%(objectname)%00%(upstream:track)%00%(upstream:remotename)%00%(upstream:remoteref) refs/heads/main refs/remotes/main [2ms]
2024-03-26 11:46:36.891 [warning] ENOENT: no such file or directory, open '/home/simon/programmation/HTML/site_perso/.git/refs/remotes/origin/main'
2024-03-26 11:46:36.892 [info] > git rev-parse refs/remotes/origin/main [1ms]
2024-03-26 11:46:36.920 [info] > git status -z -uall [15ms]
2024-03-26 11:47:01.771 [info] > git config --get commit.template [13ms]
2024-03-26 11:47:01.772 [info] > git for-each-ref --format=%(refname)%00%(upstream:short)%00%(objectname)%00%(upstream:track)%00%(upstream:remotename)%00%(upstream:remoteref) refs/heads/main refs/remotes/main [2ms]
2024-03-26 11:47:01.784 [warning] ENOENT: no such file or directory, open '/home/simon/programmation/HTML/site_perso/.git/refs/remotes/origin/main'
2024-03-26 11:47:01.785 [info] > git rev-parse refs/remotes/origin/main [1ms]
2024-03-26 11:47:01.810 [info] > git status -z -uall [13ms]
2024-03-26 11:48:28.871 [info] > git config --get commit.template [17ms]
2024-03-26 11:48:28.873 [info] > git for-each-ref --format=%(refname)%00%(upstream:short)%00%(objectname)%00%(upstream:track)%00%(upstream:remotename)%00%(upstream:remoteref) refs/heads/main refs/remotes/main [4ms]
2024-03-26 11:48:28.893 [warning] ENOENT: no such file or directory, open '/home/simon/programmation/HTML/site_perso/.git/refs/remotes/origin/main'
2024-03-26 11:48:28.894 [info] > git rev-parse refs/remotes/origin/main [2ms]
2024-03-26 11:48:28.931 [info] > git status -z -uall [17ms]
2024-03-26 12:07:40.967 [info] > git show --textconv :css/style.css [16ms]
2024-03-26 12:07:40.970 [info] > git ls-files --stage -- /home/simon/programmation/HTML/site_perso/css/style.css [4ms]
2024-03-26 12:07:40.988 [info] > git cat-file -s 0d315920c8728c2987d3a9cbc8e01451b390e679 [1ms]
2024-03-26 12:07:42.657 [info] > git show --textconv :index.html [18ms]
2024-03-26 12:07:42.662 [info] > git ls-files --stage -- /home/simon/programmation/HTML/site_perso/index.html [6ms]
2024-03-26 12:07:42.678 [info] > git cat-file -s 1a681fb248415303eca4418879bc204fdab34674 [3ms]
2024-03-26 12:08:13.369 [info] > git config --get commit.template [2ms]
2024-03-26 12:08:13.383 [info] > git for-each-ref --format=%(refname)%00%(upstream:short)%00%(objectname)%00%(upstream:track)%00%(upstream:remotename)%00%(upstream:remoteref) refs/heads/main refs/remotes/main [1ms]
2024-03-26 12:08:13.397 [warning] ENOENT: no such file or directory, open '/home/simon/programmation/HTML/site_perso/.git/refs/remotes/origin/main'
2024-03-26 12:08:13.398 [info] > git rev-parse refs/remotes/origin/main [2ms]
2024-03-26 12:08:13.425 [info] > git status -z -uall [14ms]
2024-03-26 12:09:37.991 [info] > git config --get commit.template [29ms]
2024-03-26 12:09:37.993 [info] > git for-each-ref --format=%(refname)%00%(upstream:short)%00%(objectname)%00%(upstream:track)%00%(upstream:remotename)%00%(upstream:remoteref) refs/heads/main refs/remotes/main [3ms]
2024-03-26 12:09:38.013 [warning] ENOENT: no such file or directory, open '/home/simon/programmation/HTML/site_perso/.git/refs/remotes/origin/main'
2024-03-26 12:09:38.014 [info] > git rev-parse refs/remotes/origin/main [1ms]
2024-03-26 12:09:38.053 [info] > git status -z -uall [19ms]
2024-03-26 12:12:16.938 [info] > git config --get commit.template [14ms]
2024-03-26 12:12:16.938 [info] > git for-each-ref --format=%(refname)%00%(upstream:short)%00%(objectname)%00%(upstream:track)%00%(upstream:remotename)%00%(upstream:remoteref) refs/heads/main refs/remotes/main [1ms]
2024-03-26 12:12:16.953 [warning] ENOENT: no such file or directory, open '/home/simon/programmation/HTML/site_perso/.git/refs/remotes/origin/main'
2024-03-26 12:12:16.954 [info] > git rev-parse refs/remotes/origin/main [1ms]
2024-03-26 12:12:16.980 [info] > git status -z -uall [13ms]
2024-03-26 12:14:10.785 [info] > git config --get commit.template [2ms]
2024-03-26 12:14:10.809 [info] > git for-each-ref --format=%(refname)%00%(upstream:short)%00%(objectname)%00%(upstream:track)%00%(upstream:remotename)%00%(upstream:remoteref) refs/heads/main refs/remotes/main [2ms]
2024-03-26 12:14:10.829 [warning] ENOENT: no such file or directory, open '/home/simon/programmation/HTML/site_perso/.git/refs/remotes/origin/main'
2024-03-26 12:14:10.830 [info] > git rev-parse refs/remotes/origin/main [2ms]
2024-03-26 12:14:10.866 [info] > git status -z -uall [18ms]
2024-03-26 12:14:34.647 [info] > git for-each-ref --format=%(refname)%00%(upstream:short)%00%(objectname)%00%(upstream:track)%00%(upstream:remotename)%00%(upstream:remoteref) refs/heads/main refs/remotes/main [3ms]
2024-03-26 12:14:34.647 [info] > git config --get commit.template [18ms]
2024-03-26 12:14:34.663 [warning] ENOENT: no such file or directory, open '/home/simon/programmation/HTML/site_perso/.git/refs/remotes/origin/main'
2024-03-26 12:14:34.665 [info] > git rev-parse refs/remotes/origin/main [2ms]
2024-03-26 12:14:34.694 [info] > git status -z -uall [15ms]
2024-03-26 12:15:44.564 [info] > git config --get commit.template [14ms]
2024-03-26 12:15:44.565 [info] > git for-each-ref --format=%(refname)%00%(upstream:short)%00%(objectname)%00%(upstream:track)%00%(upstream:remotename)%00%(upstream:remoteref) refs/heads/main refs/remotes/main [2ms]
2024-03-26 12:15:44.578 [warning] ENOENT: no such file or directory, open '/home/simon/programmation/HTML/site_perso/.git/refs/remotes/origin/main'
2024-03-26 12:15:44.580 [info] > git rev-parse refs/remotes/origin/main [2ms]
2024-03-26 12:15:44.606 [info] > git status -z -uall [13ms]
2024-03-26 12:16:09.982 [info] > git config --get commit.template [15ms]
2024-03-26 12:16:09.982 [info] > git for-each-ref --format=%(refname)%00%(upstream:short)%00%(objectname)%00%(upstream:track)%00%(upstream:remotename)%00%(upstream:remoteref) refs/heads/main refs/remotes/main [1ms]
2024-03-26 12:16:09.996 [warning] ENOENT: no such file or directory, open '/home/simon/programmation/HTML/site_perso/.git/refs/remotes/origin/main'
2024-03-26 12:16:09.997 [info] > git rev-parse refs/remotes/origin/main [1ms]
2024-03-26 12:16:10.025 [info] > git status -z -uall [14ms]
2024-03-26 12:16:26.101 [info] > git config --get commit.template [14ms]
2024-03-26 12:16:26.102 [info] > git for-each-ref --format=%(refname)%00%(upstream:short)%00%(objectname)%00%(upstream:track)%00%(upstream:remotename)%00%(upstream:remoteref) refs/heads/main refs/remotes/main [1ms]
2024-03-26 12:16:26.115 [warning] ENOENT: no such file or directory, open '/home/simon/programmation/HTML/site_perso/.git/refs/remotes/origin/main'
2024-03-26 12:16:26.117 [info] > git rev-parse refs/remotes/origin/main [2ms]
2024-03-26 12:16:26.143 [info] > git status -z -uall [13ms]
2024-03-26 12:20:25.166 [info] > git config --get commit.template [21ms]
2024-03-26 12:20:25.167 [info] > git for-each-ref --format=%(refname)%00%(upstream:short)%00%(objectname)%00%(upstream:track)%00%(upstream:remotename)%00%(upstream:remoteref) refs/heads/main refs/remotes/main [2ms]
2024-03-26 12:20:25.186 [warning] ENOENT: no such file or directory, open '/home/simon/programmation/HTML/site_perso/.git/refs/remotes/origin/main'
2024-03-26 12:20:25.187 [info] > git rev-parse refs/remotes/origin/main [1ms]
2024-03-26 12:20:25.222 [info] > git status -z -uall [17ms]
2024-03-26 12:21:59.857 [info] > git check-ignore -v -z --stdin [1ms]
2024-03-26 12:22:05.313 [info] > git check-ignore -v -z --stdin [1ms]
2024-03-26 12:29:37.023 [info] > git config --get commit.template [2ms]
2024-03-26 12:29:37.057 [info] > git for-each-ref --format=%(refname)%00%(upstream:short)%00%(objectname)%00%(upstream:track)%00%(upstream:remotename)%00%(upstream:remoteref) refs/heads/main refs/remotes/main [2ms]
2024-03-26 12:29:37.083 [warning] ENOENT: no such file or directory, open '/home/simon/programmation/HTML/site_perso/.git/refs/remotes/origin/main'
2024-03-26 12:29:37.084 [info] > git rev-parse refs/remotes/origin/main [1ms]
2024-03-26 12:29:37.128 [info] > git status -z -uall [22ms]
2024-03-26 12:30:09.748 [info] > git config --get commit.template [32ms]
2024-03-26 12:30:09.749 [info] > git for-each-ref --format=%(refname)%00%(upstream:short)%00%(objectname)%00%(upstream:track)%00%(upstream:remotename)%00%(upstream:remoteref) refs/heads/main refs/remotes/main [2ms]
2024-03-26 12:30:09.777 [warning] ENOENT: no such file or directory, open '/home/simon/programmation/HTML/site_perso/.git/refs/remotes/origin/main'
2024-03-26 12:30:09.779 [info] > git rev-parse refs/remotes/origin/main [2ms]
2024-03-26 12:30:09.821 [info] > git status -z -uall [16ms]
2024-03-26 12:30:15.318 [info] > git config --get commit.template [17ms]
2024-03-26 12:30:15.319 [info] > git for-each-ref --format=%(refname)%00%(upstream:short)%00%(objectname)%00%(upstream:track)%00%(upstream:remotename)%00%(upstream:remoteref) refs/heads/main refs/remotes/main [3ms]
2024-03-26 12:30:15.334 [warning] ENOENT: no such file or directory, open '/home/simon/programmation/HTML/site_perso/.git/refs/remotes/origin/main'
2024-03-26 12:30:15.336 [info] > git rev-parse refs/remotes/origin/main [2ms]
2024-03-26 12:30:15.365 [info] > git status -z -uall [14ms]
2024-03-26 12:31:39.603 [info] > git config --get commit.template [17ms]
2024-03-26 12:31:39.605 [info] > git for-each-ref --format=%(refname)%00%(upstream:short)%00%(objectname)%00%(upstream:track)%00%(upstream:remotename)%00%(upstream:remoteref) refs/heads/main refs/remotes/main [2ms]
2024-03-26 12:31:39.621 [warning] ENOENT: no such file or directory, open '/home/simon/programmation/HTML/site_perso/.git/refs/remotes/origin/main'
2024-03-26 12:31:39.622 [info] > git rev-parse refs/remotes/origin/main [1ms]
2024-03-26 12:31:39.658 [info] > git status -z -uall [18ms]
2024-03-26 12:32:20.383 [info] > git config --get commit.template [3ms]
2024-03-26 12:32:20.420 [info] > git for-each-ref --format=%(refname)%00%(upstream:short)%00%(objectname)%00%(upstream:track)%00%(upstream:remotename)%00%(upstream:remoteref) refs/heads/main refs/remotes/main [1ms]
2024-03-26 12:32:20.447 [warning] ENOENT: no such file or directory, open '/home/simon/programmation/HTML/site_perso/.git/refs/remotes/origin/main'
2024-03-26 12:32:20.451 [info] > git rev-parse refs/remotes/origin/main [4ms]
2024-03-26 12:32:20.496 [info] > git status -z -uall [21ms]
2024-03-26 12:32:39.566 [info] > git config --get commit.template [28ms]
2024-03-26 12:32:39.569 [info] > git for-each-ref --format=%(refname)%00%(upstream:short)%00%(objectname)%00%(upstream:track)%00%(upstream:remotename)%00%(upstream:remoteref) refs/heads/main refs/remotes/main [3ms]
2024-03-26 12:32:39.591 [warning] ENOENT: no such file or directory, open '/home/simon/programmation/HTML/site_perso/.git/refs/remotes/origin/main'
2024-03-26 12:32:39.595 [info] > git rev-parse refs/remotes/origin/main [4ms]
2024-03-26 12:32:39.634 [info] > git status -z -uall [17ms]
2024-03-26 12:32:46.393 [info] > git config --get commit.template [17ms]
2024-03-26 12:32:46.394 [info] > git for-each-ref --format=%(refname)%00%(upstream:short)%00%(objectname)%00%(upstream:track)%00%(upstream:remotename)%00%(upstream:remoteref) refs/heads/main refs/remotes/main [1ms]
2024-03-26 12:32:46.410 [warning] ENOENT: no such file or directory, open '/home/simon/programmation/HTML/site_perso/.git/refs/remotes/origin/main'
2024-03-26 12:32:46.411 [info] > git rev-parse refs/remotes/origin/main [1ms]
2024-03-26 12:32:46.442 [info] > git status -z -uall [14ms]
2024-03-26 12:33:08.140 [info] > git config --get commit.template [2ms]
2024-03-26 12:33:08.171 [info] > git for-each-ref --format=%(refname)%00%(upstream:short)%00%(objectname)%00%(upstream:track)%00%(upstream:remotename)%00%(upstream:remoteref) refs/heads/main refs/remotes/main [3ms]
2024-03-26 12:33:08.195 [warning] ENOENT: no such file or directory, open '/home/simon/programmation/HTML/site_perso/.git/refs/remotes/origin/main'
2024-03-26 12:33:08.197 [info] > git rev-parse refs/remotes/origin/main [2ms]
2024-03-26 12:33:08.233 [info] > git status -z -uall [17ms]
2024-03-26 12:33:54.101 [info] > git config --get commit.template [25ms]
2024-03-26 12:33:54.103 [info] > git for-each-ref --format=%(refname)%00%(upstream:short)%00%(objectname)%00%(upstream:track)%00%(upstream:remotename)%00%(upstream:remoteref) refs/heads/main refs/remotes/main [4ms]
2024-03-26 12:33:54.130 [warning] ENOENT: no such file or directory, open '/home/simon/programmation/HTML/site_perso/.git/refs/remotes/origin/main'
2024-03-26 12:33:54.131 [info] > git rev-parse refs/remotes/origin/main [1ms]
2024-03-26 12:33:54.173 [info] > git status -z -uall [19ms]
2024-03-26 12:34:49.873 [info] > git config --get commit.template [28ms]
2024-03-26 12:34:49.874 [info] > git for-each-ref --format=%(refname)%00%(upstream:short)%00%(objectname)%00%(upstream:track)%00%(upstream:remotename)%00%(upstream:remoteref) refs/heads/main refs/remotes/main [2ms]
2024-03-26 12:34:49.898 [warning] ENOENT: no such file or directory, open '/home/simon/programmation/HTML/site_perso/.git/refs/remotes/origin/main'
2024-03-26 12:34:49.904 [info] > git rev-parse refs/remotes/origin/main [5ms]
2024-03-26 12:34:49.945 [info] > git status -z -uall [18ms]
2024-03-26 12:35:36.084 [info] > git config --get commit.template [18ms]
2024-03-26 12:35:36.085 [info] > git for-each-ref --format=%(refname)%00%(upstream:short)%00%(objectname)%00%(upstream:track)%00%(upstream:remotename)%00%(upstream:remoteref) refs/heads/main refs/remotes/main [2ms]
2024-03-26 12:35:36.102 [warning] ENOENT: no such file or directory, open '/home/simon/programmation/HTML/site_perso/.git/refs/remotes/origin/main'
2024-03-26 12:35:36.105 [info] > git rev-parse refs/remotes/origin/main [2ms]
2024-03-26 12:35:36.136 [info] > git status -z -uall [15ms]
2024-03-26 12:35:41.573 [info] > git config --get commit.template [26ms]
2024-03-26 12:35:41.575 [info] > git for-each-ref --format=%(refname)%00%(upstream:short)%00%(objectname)%00%(upstream:track)%00%(upstream:remotename)%00%(upstream:remoteref) refs/heads/main refs/remotes/main [2ms]
2024-03-26 12:35:41.600 [warning] ENOENT: no such file or directory, open '/home/simon/programmation/HTML/site_perso/.git/refs/remotes/origin/main'
2024-03-26 12:35:41.602 [info] > git rev-parse refs/remotes/origin/main [3ms]
2024-03-26 12:35:41.641 [info] > git status -z -uall [16ms]
2024-03-26 12:35:46.679 [info] > git config --get commit.template [17ms]
2024-03-26 12:35:46.680 [info] > git for-each-ref --format=%(refname)%00%(upstream:short)%00%(objectname)%00%(upstream:track)%00%(upstream:remotename)%00%(upstream:remoteref) refs/heads/main refs/remotes/main [2ms]
2024-03-26 12:35:46.696 [warning] ENOENT: no such file or directory, open '/home/simon/programmation/HTML/site_perso/.git/refs/remotes/origin/main'
2024-03-26 12:35:46.697 [info] > git rev-parse refs/remotes/origin/main [1ms]
2024-03-26 12:35:46.728 [info] > git status -z -uall [14ms]
2024-03-26 12:36:59.011 [info] > git config --get commit.template [30ms]
2024-03-26 12:36:59.012 [info] > git for-each-ref --format=%(refname)%00%(upstream:short)%00%(objectname)%00%(upstream:track)%00%(upstream:remotename)%00%(upstream:remoteref) refs/heads/main refs/remotes/main [5ms]
2024-03-26 12:36:59.036 [warning] ENOENT: no such file or directory, open '/home/simon/programmation/HTML/site_perso/.git/refs/remotes/origin/main'
2024-03-26 12:36:59.037 [info] > git rev-parse refs/remotes/origin/main [2ms]
2024-03-26 12:36:59.083 [info] > git status -z -uall [20ms]
2024-03-26 12:37:04.807 [info] > git config --get commit.template [3ms]
2024-03-26 12:37:04.836 [info] > git for-each-ref --format=%(refname)%00%(upstream:short)%00%(objectname)%00%(upstream:track)%00%(upstream:remotename)%00%(upstream:remoteref) refs/heads/main refs/remotes/main [2ms]
2024-03-26 12:37:04.862 [warning] ENOENT: no such file or directory, open '/home/simon/programmation/HTML/site_perso/.git/refs/remotes/origin/main'
2024-03-26 12:37:04.864 [info] > git rev-parse refs/remotes/origin/main [2ms]
2024-03-26 12:37:04.906 [info] > git status -z -uall [20ms]
2024-03-26 12:37:23.003 [info] > git config --get commit.template [5ms]
2024-03-26 12:37:23.023 [info] > git for-each-ref --format=%(refname)%00%(upstream:short)%00%(objectname)%00%(upstream:track)%00%(upstream:remotename)%00%(upstream:remoteref) refs/heads/main refs/remotes/main [3ms]
2024-03-26 12:37:23.040 [warning] ENOENT: no such file or directory, open '/home/simon/programmation/HTML/site_perso/.git/refs/remotes/origin/main'
2024-03-26 12:37:23.043 [info] > git rev-parse refs/remotes/origin/main [3ms]
2024-03-26 12:37:23.080 [info] > git status -z -uall [19ms]
2024-03-26 12:37:38.215 [info] > git config --get commit.template [1ms]
2024-03-26 12:37:38.244 [info] > git for-each-ref --format=%(refname)%00%(upstream:short)%00%(objectname)%00%(upstream:track)%00%(upstream:remotename)%00%(upstream:remoteref) refs/heads/main refs/remotes/main [3ms]
2024-03-26 12:37:38.267 [warning] ENOENT: no such file or directory, open '/home/simon/programmation/HTML/site_perso/.git/refs/remotes/origin/main'
2024-03-26 12:37:38.268 [info] > git rev-parse refs/remotes/origin/main [2ms]
2024-03-26 12:37:38.311 [info] > git status -z -uall [17ms]
2024-03-26 12:37:44.884 [info] > git config --get commit.template [25ms]
2024-03-26 12:37:44.886 [info] > git for-each-ref --format=%(refname)%00%(upstream:short)%00%(objectname)%00%(upstream:track)%00%(upstream:remotename)%00%(upstream:remoteref) refs/heads/main refs/remotes/main [3ms]
2024-03-26 12:37:44.911 [warning] ENOENT: no such file or directory, open '/home/simon/programmation/HTML/site_perso/.git/refs/remotes/origin/main'
2024-03-26 12:37:44.912 [info] > git rev-parse refs/remotes/origin/main [1ms]
2024-03-26 12:37:44.952 [info] > git status -z -uall [17ms]
2024-03-26 12:37:49.991 [info] > git config --get commit.template [18ms]
2024-03-26 12:37:49.992 [info] > git for-each-ref --format=%(refname)%00%(upstream:short)%00%(objectname)%00%(upstream:track)%00%(upstream:remotename)%00%(upstream:remoteref) refs/heads/main refs/remotes/main [2ms]
2024-03-26 12:37:50.009 [warning] ENOENT: no such file or directory, open '/home/simon/programmation/HTML/site_perso/.git/refs/remotes/origin/main'
2024-03-26 12:37:50.010 [info] > git rev-parse refs/remotes/origin/main [1ms]
2024-03-26 12:37:50.041 [info] > git status -z -uall [14ms]
2024-03-26 12:37:55.088 [info] > git for-each-ref --format=%(refname)%00%(upstream:short)%00%(objectname)%00%(upstream:track)%00%(upstream:remotename)%00%(upstream:remoteref) refs/heads/main refs/remotes/main [3ms]
2024-03-26 12:37:55.089 [info] > git config --get commit.template [26ms]
2024-03-26 12:37:55.109 [warning] ENOENT: no such file or directory, open '/home/simon/programmation/HTML/site_perso/.git/refs/remotes/origin/main'
2024-03-26 12:37:55.111 [info] > git rev-parse refs/remotes/origin/main [2ms]
2024-03-26 12:37:55.145 [info] > git status -z -uall [16ms]
2024-03-26 12:38:00.391 [info] > git config --get commit.template [38ms]
2024-03-26 12:38:00.392 [info] > git for-each-ref --format=%(refname)%00%(upstream:short)%00%(objectname)%00%(upstream:track)%00%(upstream:remotename)%00%(upstream:remoteref) refs/heads/main refs/remotes/main [2ms]
2024-03-26 12:38:00.420 [warning] ENOENT: no such file or directory, open '/home/simon/programmation/HTML/site_perso/.git/refs/remotes/origin/main'
2024-03-26 12:38:00.425 [info] > git rev-parse refs/remotes/origin/main [5ms]
2024-03-26 12:38:00.474 [info] > git status -z -uall [20ms]
2024-03-26 12:40:36.150 [info] > git config --get commit.template [2ms]
2024-03-26 12:40:36.180 [info] > git for-each-ref --format=%(refname)%00%(upstream:short)%00%(objectname)%00%(upstream:track)%00%(upstream:remotename)%00%(upstream:remoteref) refs/heads/main refs/remotes/main [3ms]
2024-03-26 12:40:36.204 [warning] ENOENT: no such file or directory, open '/home/simon/programmation/HTML/site_perso/.git/refs/remotes/origin/main'
2024-03-26 12:40:36.206 [info] > git rev-parse refs/remotes/origin/main [2ms]
2024-03-26 12:40:36.250 [info] > git status -z -uall [18ms]
2024-03-26 12:40:43.909 [info] > git config --get commit.template [26ms]
2024-03-26 12:40:43.910 [info] > git for-each-ref --format=%(refname)%00%(upstream:short)%00%(objectname)%00%(upstream:track)%00%(upstream:remotename)%00%(upstream:remoteref) refs/heads/main refs/remotes/main [2ms]
2024-03-26 12:40:43.937 [warning] ENOENT: no such file or directory, open '/home/simon/programmation/HTML/site_perso/.git/refs/remotes/origin/main'
2024-03-26 12:40:43.938 [info] > git rev-parse refs/remotes/origin/main [1ms]
2024-03-26 12:40:43.984 [info] > git status -z -uall [19ms]
2024-03-26 12:41:08.860 [info] > git config --get commit.template [25ms]
2024-03-26 12:41:08.862 [info] > git for-each-ref --format=%(refname)%00%(upstream:short)%00%(objectname)%00%(upstream:track)%00%(upstream:remotename)%00%(upstream:remoteref) refs/heads/main refs/remotes/main [3ms]
2024-03-26 12:41:08.886 [warning] ENOENT: no such file or directory, open '/home/simon/programmation/HTML/site_perso/.git/refs/remotes/origin/main'
2024-03-26 12:41:08.889 [info] > git rev-parse refs/remotes/origin/main [2ms]
2024-03-26 12:41:08.935 [info] > git status -z -uall [18ms]
2024-03-26 12:41:13.973 [info] > git config --get commit.template [17ms]
2024-03-26 12:41:13.974 [info] > git for-each-ref --format=%(refname)%00%(upstream:short)%00%(objectname)%00%(upstream:track)%00%(upstream:remotename)%00%(upstream:remoteref) refs/heads/main refs/remotes/main [3ms]
2024-03-26 12:41:13.991 [warning] ENOENT: no such file or directory, open '/home/simon/programmation/HTML/site_perso/.git/refs/remotes/origin/main'
2024-03-26 12:41:13.992 [info] > git rev-parse refs/remotes/origin/main [2ms]
2024-03-26 12:41:14.022 [info] > git status -z -uall [14ms]
2024-03-26 12:41:38.343 [info] > git config --get commit.template [18ms]
2024-03-26 12:41:38.344 [info] > git for-each-ref --format=%(refname)%00%(upstream:short)%00%(objectname)%00%(upstream:track)%00%(upstream:remotename)%00%(upstream:remoteref) refs/heads/main refs/remotes/main [2ms]
2024-03-26 12:41:38.361 [warning] ENOENT: no such file or directory, open '/home/simon/programmation/HTML/site_perso/.git/refs/remotes/origin/main'
2024-03-26 12:41:38.363 [info] > git rev-parse refs/remotes/origin/main [1ms]
2024-03-26 12:41:38.394 [info] > git status -z -uall [15ms]
2024-03-26 12:41:43.496 [info] > git config --get commit.template [17ms]
2024-03-26 12:41:43.496 [info] > git for-each-ref --format=%(refname)%00%(upstream:short)%00%(objectname)%00%(upstream:track)%00%(upstream:remotename)%00%(upstream:remoteref) refs/heads/main refs/remotes/main [1ms]
2024-03-26 12:41:43.512 [warning] ENOENT: no such file or directory, open '/home/simon/programmation/HTML/site_perso/.git/refs/remotes/origin/main'
2024-03-26 12:41:43.514 [info] > git rev-parse refs/remotes/origin/main [2ms]
2024-03-26 12:41:43.544 [info] > git status -z -uall [14ms]
2024-03-26 12:41:54.324 [info] > git config --get commit.template [28ms]
2024-03-26 12:41:54.327 [info] > git for-each-ref --format=%(refname)%00%(upstream:short)%00%(objectname)%00%(upstream:track)%00%(upstream:remotename)%00%(upstream:remoteref) refs/heads/main refs/remotes/main [4ms]
2024-03-26 12:41:54.348 [warning] ENOENT: no such file or directory, open '/home/simon/programmation/HTML/site_perso/.git/refs/remotes/origin/main'
2024-03-26 12:41:54.350 [info] > git rev-parse refs/remotes/origin/main [2ms]
2024-03-26 12:41:54.401 [info] > git status -z -uall [24ms]
2024-03-26 12:41:59.425 [info] > git config --get commit.template [2ms]
2024-03-26 12:41:59.443 [info] > git for-each-ref --format=%(refname)%00%(upstream:short)%00%(objectname)%00%(upstream:track)%00%(upstream:remotename)%00%(upstream:remoteref) refs/heads/main refs/remotes/main [1ms]
2024-03-26 12:41:59.459 [warning] ENOENT: no such file or directory, open '/home/simon/programmation/HTML/site_perso/.git/refs/remotes/origin/main'
2024-03-26 12:41:59.460 [info] > git rev-parse refs/remotes/origin/main [1ms]
2024-03-26 12:41:59.495 [info] > git status -z -uall [19ms]
2024-03-26 12:42:11.327 [info] > git config --get commit.template [30ms]
2024-03-26 12:42:11.328 [info] > git for-each-ref --format=%(refname)%00%(upstream:short)%00%(objectname)%00%(upstream:track)%00%(upstream:remotename)%00%(upstream:remoteref) refs/heads/main refs/remotes/main [2ms]
2024-03-26 12:42:11.351 [warning] ENOENT: no such file or directory, open '/home/simon/programmation/HTML/site_perso/.git/refs/remotes/origin/main'
2024-03-26 12:42:11.353 [info] > git rev-parse refs/remotes/origin/main [2ms]
2024-03-26 12:42:11.395 [info] > git status -z -uall [19ms]
2024-03-26 12:42:17.552 [info] > git config --get commit.template [28ms]
2024-03-26 12:42:17.554 [info] > git for-each-ref --format=%(refname)%00%(upstream:short)%00%(objectname)%00%(upstream:track)%00%(upstream:remotename)%00%(upstream:remoteref) refs/heads/main refs/remotes/main [4ms]
2024-03-26 12:42:17.580 [warning] ENOENT: no such file or directory, open '/home/simon/programmation/HTML/site_perso/.git/refs/remotes/origin/main'
2024-03-26 12:42:17.582 [info] > git rev-parse refs/remotes/origin/main [2ms]
2024-03-26 12:42:17.626 [info] > git status -z -uall [17ms]
2024-03-26 12:42:29.334 [info] > git config --get commit.template [2ms]
2024-03-26 12:42:29.361 [info] > git for-each-ref --format=%(refname)%00%(upstream:short)%00%(objectname)%00%(upstream:track)%00%(upstream:remotename)%00%(upstream:remoteref) refs/heads/main refs/remotes/main [1ms]
2024-03-26 12:42:29.394 [warning] ENOENT: no such file or directory, open '/home/simon/programmation/HTML/site_perso/.git/refs/remotes/origin/main'
2024-03-26 12:42:29.398 [info] > git rev-parse refs/remotes/origin/main [4ms]
2024-03-26 12:42:29.479 [info] > git status -z -uall [27ms]
2024-03-26 12:42:40.877 [info] > git config --get commit.template [2ms]
2024-03-26 12:42:40.911 [info] > git for-each-ref --format=%(refname)%00%(upstream:short)%00%(objectname)%00%(upstream:track)%00%(upstream:remotename)%00%(upstream:remoteref) refs/heads/main refs/remotes/main [1ms]
2024-03-26 12:42:40.937 [warning] ENOENT: no such file or directory, open '/home/simon/programmation/HTML/site_perso/.git/refs/remotes/origin/main'
2024-03-26 12:42:40.939 [info] > git rev-parse refs/remotes/origin/main [3ms]
2024-03-26 12:42:40.977 [info] > git status -z -uall [17ms]
2024-03-26 12:42:55.773 [info] > git config --get commit.template [35ms]
2024-03-26 12:42:55.775 [info] > git for-each-ref --format=%(refname)%00%(upstream:short)%00%(objectname)%00%(upstream:track)%00%(upstream:remotename)%00%(upstream:remoteref) refs/heads/main refs/remotes/main [3ms]
2024-03-26 12:42:55.804 [warning] ENOENT: no such file or directory, open '/home/simon/programmation/HTML/site_perso/.git/refs/remotes/origin/main'
2024-03-26 12:42:55.806 [info] > git rev-parse refs/remotes/origin/main [2ms]
2024-03-26 12:42:55.849 [info] > git status -z -uall [20ms]
2024-03-26 15:00:46.241 [info] > git config --get commit.template [17ms]
2024-03-26 15:00:46.243 [info] > git for-each-ref --format=%(refname)%00%(upstream:short)%00%(objectname)%00%(upstream:track)%00%(upstream:remotename)%00%(upstream:remoteref) refs/heads/main refs/remotes/main [2ms]
2024-03-26 15:00:46.260 [warning] ENOENT: no such file or directory, open '/home/simon/programmation/HTML/site_perso/.git/refs/remotes/origin/main'
2024-03-26 15:00:46.261 [info] > git rev-parse refs/remotes/origin/main [1ms]
2024-03-26 15:00:46.292 [info] > git status -z -uall [14ms]
