2024-03-26 09:52:13 Loading main app package /tmp/.mount_obsidiJJHC2b/resources/obsidian.asar
2024-03-26 09:52:14 Checking for update using Github
2024-03-26 09:52:14 Success.
2024-03-26 09:52:14 Latest version is 1.5.11
2024-03-26 09:52:14 App is up to date.
2024-03-26 14:27:43 Loading main app package /tmp/.mount_obsidi8pDweo/resources/obsidian.asar
2024-03-26 14:27:44 Checking for update using Github
2024-03-26 14:27:44 Success.
2024-03-26 14:27:44 Latest version is 1.5.11
2024-03-26 14:27:44 App is up to date.
2024-03-26 16:05:24 Checking for update using Github
2024-03-26 16:05:24 Failed to check for update using Github (net::ERR_INTERNET_DISCONNECTED)
2024-03-26 16:05:24 Checking for update using obsidian.md
2024-03-26 16:05:24 Failed to check for update using obsidian.md (net::ERR_INTERNET_DISCONNECTED)
2024-03-26 17:05:24 Checking for update using Github
2024-03-26 17:05:24 Failed to check for update using Github (net::ERR_INTERNET_DISCONNECTED)
2024-03-26 17:05:24 Checking for update using obsidian.md
2024-03-26 17:05:24 Failed to check for update using obsidian.md (net::ERR_INTERNET_DISCONNECTED)
2024-03-27 18:28:13 Loading main app package /tmp/.mount_obsidi6jefRr/resources/obsidian.asar
2024-03-27 18:28:14 Checking for update using Github
2024-03-27 18:28:15 Success.
2024-03-27 18:28:15 Latest version is 1.5.11
2024-03-27 18:28:15 App is up to date.
2024-03-27 19:05:37 Loading main app package /tmp/.mount_obsidi8BMMix/resources/obsidian.asar
2024-03-27 19:05:38 Checking for update using Github
2024-03-27 19:05:38 Success.
2024-03-27 19:05:38 Latest version is 1.5.11
2024-03-27 19:05:38 App is up to date.
2024-03-28 16:22:36 Loading main app package /tmp/.mount_obsidinNlWt1/resources/obsidian.asar
2024-03-28 16:22:37 Checking for update using Github
2024-03-28 16:22:37 Success.
2024-03-28 16:22:37 Latest version is 1.5.11
2024-03-28 16:22:37 App is up to date.
2024-03-29 19:10:13 Loading main app package /tmp/.mount_obsidiertqHF/resources/obsidian.asar
2024-03-29 19:10:14 Checking for update using Github
2024-03-29 19:10:15 Success.
2024-03-29 19:10:15 Latest version is 1.5.11
2024-03-29 19:10:15 App is up to date.
2024-03-29 20:10:14 Checking for update using Github
2024-03-29 20:10:14 Success.
2024-03-29 20:10:14 Latest version is 1.5.11
2024-03-29 20:10:14 App is up to date.
2024-03-29 23:06:37 Checking for update using Github
2024-03-29 23:06:37 Success.
2024-03-29 23:06:37 Latest version is 1.5.11
2024-03-29 23:06:37 App is up to date.
2024-03-30 00:06:38 Checking for update using Github
2024-03-30 00:06:38 Success.
2024-03-30 00:06:38 Latest version is 1.5.11
2024-03-30 00:06:38 App is up to date.
2024-03-30 01:06:38 Checking for update using Github
2024-03-30 01:06:38 Success.
2024-03-30 01:06:38 Latest version is 1.5.11
2024-03-30 01:06:38 App is up to date.
2024-03-30 13:44:39 Checking for update using Github
2024-03-30 13:44:39 Success.
2024-03-30 13:44:39 Latest version is 1.5.11
2024-03-30 13:44:39 App is up to date.
2024-04-02 09:21:54 Checking for update using Github
2024-04-02 09:21:55 Success.
2024-04-02 09:21:55 Latest version is 1.5.12
2024-04-02 09:21:55 Downloading update from https://github.com/obsidianmd/obsidian-releases/releases/download/v1.5.12/obsidian-1.5.12.asar.gz
2024-04-02 12:06:36 Failed to perform update
2024-04-02 12:36:26 Loading main app package /tmp/.mount_obsidigJkjSf/resources/obsidian.asar
2024-04-02 12:36:26 Checking for update using Github
2024-04-02 12:36:27 Success.
2024-04-02 12:36:27 Latest version is 1.5.12
2024-04-02 12:36:27 Downloading update from https://github.com/obsidianmd/obsidian-releases/releases/download/v1.5.12/obsidian-1.5.12.asar.gz
2024-04-02 12:36:32 Verifying hash & signature. Size= 8781526
2024-04-02 12:36:32 Saving file
2024-04-02 12:36:32 Update complete.
2024-04-02 12:55:21 Loading updated app package /home/simon/.config/obsidian/obsidian-1.5.12.asar
2024-04-02 12:55:22 Checking for update using Github
2024-04-02 12:55:22 Success.
2024-04-02 12:55:22 Latest version is 1.5.12
2024-04-02 12:55:22 App is up to date.
2024-04-02 13:55:21 Checking for update using Github
2024-04-02 13:55:22 Success.
2024-04-02 13:55:22 Latest version is 1.5.12
2024-04-02 13:55:22 App is up to date.
2024-04-02 14:55:21 Checking for update using Github
2024-04-02 14:55:22 Success.
2024-04-02 14:55:22 Latest version is 1.5.12
2024-04-02 14:55:22 App is up to date.
2024-04-03 22:52:02 Loading updated app package /home/simon/.config/obsidian/obsidian-1.5.12.asar
2024-04-03 22:52:03 Checking for update using Github
2024-04-03 22:52:03 Success.
2024-04-03 22:52:03 Latest version is 1.5.12
2024-04-03 22:52:03 App is up to date.
